[ 2016-05-26T18:06:53+08:00 ] 221.224.51.250 /index.php/WeSite/Page/index/page_id/46?from=singlemessage&isappinstalled=0
INFO: [ app_init ] --START--
INFO: Run Behavior\BuildLiteBehavior [ RunTime:0.000028s ]
INFO: [ app_init ] --END-- [ RunTime:0.000554s ]
INFO: [ app_begin ] --START--
INFO: Run Behavior\ReadHtmlCacheBehavior [ RunTime:0.000650s ]
INFO: [ app_begin ] --END-- [ RunTime:0.000766s ]
SQL: SHOW COLUMNS FROM `wx_cur_wechat` [ RunTime:0.0015s ]
SQL: SELECT * FROM `wx_cur_wechat` WHERE ( 1 = 1 ) LIMIT 1   [ RunTime:0.0008s ]
SQL: SHOW COLUMNS FROM `wx_wechat` [ RunTime:0.0012s ]
SQL: SELECT * FROM `wx_wechat` WHERE `token` = 'gh_0cd081a29ac3' LIMIT 1   [ RunTime:0.0010s ]

[ 2016-05-26T18:06:53+08:00 ] 221.224.51.250 /index.php/WeSite/Page/index/page_id/46?from=singlemessage&isappinstalled=0&getOpenId=1&code=021PdOF520ekwG00tfF52J8QF52PdOFM&state=123
INFO: [ app_init ] --START--
INFO: Run Behavior\BuildLiteBehavior [ RunTime:0.000023s ]
INFO: [ app_init ] --END-- [ RunTime:0.000459s ]
INFO: [ app_begin ] --START--
INFO: Run Behavior\ReadHtmlCacheBehavior [ RunTime:0.000494s ]
INFO: [ app_begin ] --END-- [ RunTime:0.000565s ]
SQL: SHOW COLUMNS FROM `wx_cur_wechat` [ RunTime:0.0012s ]
SQL: SELECT * FROM `wx_cur_wechat` WHERE ( 1 = 1 ) LIMIT 1   [ RunTime:0.0006s ]
SQL: SHOW COLUMNS FROM `wx_wechat` [ RunTime:0.0012s ]
SQL: SELECT * FROM `wx_wechat` WHERE `token` = 'gh_0cd081a29ac3' LIMIT 1   [ RunTime:0.0007s ]

[ 2016-05-26T18:06:54+08:00 ] 221.224.51.250 /index.php/WeSite/Page/index/page_id/46?from=singlemessage&isappinstalled=0&getOpenId=1&code=021PdOF520ekwG00tfF52J8QF52PdOFM&state=123&openid=o94P_s9yLSc4GYSPPeEkW9EinOKs
INFO: [ app_init ] --START--
INFO: Run Behavior\BuildLiteBehavior [ RunTime:0.000027s ]
INFO: [ app_init ] --END-- [ RunTime:0.000548s ]
INFO: [ app_begin ] --START--
INFO: Run Behavior\ReadHtmlCacheBehavior [ RunTime:0.000621s ]
INFO: [ app_begin ] --END-- [ RunTime:0.000731s ]
SQL: SHOW COLUMNS FROM `wx_cur_wechat` [ RunTime:0.0015s ]
SQL: SELECT * FROM `wx_cur_wechat` WHERE ( 1 = 1 ) LIMIT 1   [ RunTime:0.0008s ]
SQL: SHOW COLUMNS FROM `wx_wechat` [ RunTime:0.0016s ]
SQL: SELECT * FROM `wx_wechat` WHERE `token` = 'gh_0cd081a29ac3' LIMIT 1   [ RunTime:0.0010s ]
SQL: SHOW COLUMNS FROM `wx_access_token` [ RunTime:0.0013s ]
SQL: SELECT * FROM `wx_access_token` WHERE `token` = 'gh_0cd081a29ac3' LIMIT 1   [ RunTime:0.0012s ]
SQL: SELECT * FROM `wx_wechat` WHERE `token` = 'gh_0cd081a29ac3' LIMIT 1   [ RunTime:0.0010s ]
SQL: UPDATE `wx_access_token` SET `expire_time`='1464264214',`access_token`='BMmOgKzwtWkFOIYMWIgJc197GXXr-texGOZjaZtNdkjE6eS-LQATRfKLqdMVP9Jt-_B385zWk3ybgK7PvRlmFSI8zo1-dqgbUoZ5DVtPdUepdW6cRv9ZEChrc93Cc9vJPFWaADADTK' WHERE `token` = 'gh_0cd081a29ac3' [ RunTime:0.0079s ]
SQL: SHOW COLUMNS FROM `ws_page` [ RunTime:0.0020s ]
SQL: SELECT * FROM `ws_page` WHERE ( id = 46 ) LIMIT 1   [ RunTime:0.0009s ]
SQL: SHOW COLUMNS FROM `ws_zan` [ RunTime:0.0013s ]
SQL: SELECT COUNT(*) AS tp_count FROM `ws_zan` WHERE ( page_id = 46 ) LIMIT 1   [ RunTime:0.0015s ]
INFO: [ view_parse ] --START--
INFO: [ template_filter ] --START--
INFO: Run Behavior\ContentReplaceBehavior [ RunTime:0.000073s ]
INFO: [ template_filter ] --END-- [ RunTime:0.000191s ]
NOTIC: [8] Undefined variable: url /data/home/qxu2062980122/htdocs/Application/Runtime/Cache/WeSite/4cd85e42ba2781c6cce2bc2cc3f94d71.php 第 40 行.
NOTIC: [8] Undefined variable: url /data/home/qxu2062980122/htdocs/Application/Runtime/Cache/WeSite/4cd85e42ba2781c6cce2bc2cc3f94d71.php 第 53 行.
INFO: Run Behavior\ParseTemplateBehavior [ RunTime:0.159344s ]
INFO: [ view_parse ] --END-- [ RunTime:0.159447s ]
INFO: [ view_filter ] --START--
INFO: Run Behavior\WriteHtmlCacheBehavior [ RunTime:0.000297s ]
INFO: [ view_filter ] --END-- [ RunTime:0.000385s ]
INFO: [ app_end ] --START--
INFO: Run Behavior\ShowPageTraceBehavior [ RunTime:0.000559s ]
INFO: [ app_end ] --END-- [ RunTime:0.000625s ]

