[ 2016-06-03T12:28:22+08:00 ] 221.224.51.250 /index.php/WeSite/Register/index
INFO: [ app_init ] --START--
INFO: Run Behavior\BuildLiteBehavior [ RunTime:0.000026s ]
INFO: [ app_init ] --END-- [ RunTime:0.000460s ]
INFO: [ app_begin ] --START--
INFO: Run Behavior\ReadHtmlCacheBehavior [ RunTime:0.000799s ]
INFO: [ app_begin ] --END-- [ RunTime:0.000908s ]
NOTIC: [2] session_start(): Cannot send session cookie - headers already sent by (output started at /data/home/qxu2062980122/htdocs/ThinkPHP/Conf/convention.php:1) /data/home/qxu2062980122/htdocs/ThinkPHP/Common/functions.php 第 1263 行.
NOTIC: [2] session_start(): Cannot send session cache limiter - headers already sent (output started at /data/home/qxu2062980122/htdocs/ThinkPHP/Conf/convention.php:1) /data/home/qxu2062980122/htdocs/ThinkPHP/Common/functions.php 第 1263 行.
SQL: SHOW COLUMNS FROM `wx_cur_wechat` [ RunTime:0.0014s ]
SQL: SELECT * FROM `wx_cur_wechat` WHERE ( 1 = 1 ) LIMIT 1   [ RunTime:0.0008s ]
SQL: SHOW COLUMNS FROM `wx_wechat` [ RunTime:0.0012s ]
SQL: SELECT * FROM `wx_wechat` WHERE `token` = 'gh_0cd081a29ac3' LIMIT 1   [ RunTime:0.0011s ]

[ 2016-06-03T12:28:22+08:00 ] 221.224.51.250 /index.php/WeSite/Register/index
INFO: [ app_init ] --START--
INFO: Run Behavior\BuildLiteBehavior [ RunTime:0.000052s ]
INFO: [ app_init ] --END-- [ RunTime:0.000502s ]
INFO: [ app_begin ] --START--
INFO: Run Behavior\ReadHtmlCacheBehavior [ RunTime:0.000572s ]
INFO: [ app_begin ] --END-- [ RunTime:0.000643s ]
NOTIC: [2] session_start(): Cannot send session cookie - headers already sent by (output started at /data/home/qxu2062980122/htdocs/ThinkPHP/Conf/convention.php:1) /data/home/qxu2062980122/htdocs/ThinkPHP/Common/functions.php 第 1263 行.
NOTIC: [2] session_start(): Cannot send session cache limiter - headers already sent (output started at /data/home/qxu2062980122/htdocs/ThinkPHP/Conf/convention.php:1) /data/home/qxu2062980122/htdocs/ThinkPHP/Common/functions.php 第 1263 行.
SQL: SHOW COLUMNS FROM `wx_cur_wechat` [ RunTime:0.0012s ]
SQL: SELECT * FROM `wx_cur_wechat` WHERE ( 1 = 1 ) LIMIT 1   [ RunTime:0.0006s ]
SQL: SHOW COLUMNS FROM `wx_wechat` [ RunTime:0.0010s ]
SQL: SELECT * FROM `wx_wechat` WHERE `token` = 'gh_0cd081a29ac3' LIMIT 1   [ RunTime:0.0006s ]

[ 2016-06-03T12:28:22+08:00 ] 221.224.51.250 /index.php/WeSite/Register/index
INFO: [ app_init ] --START--
INFO: Run Behavior\BuildLiteBehavior [ RunTime:0.000021s ]
INFO: [ app_init ] --END-- [ RunTime:0.000432s ]
INFO: [ app_begin ] --START--
INFO: Run Behavior\ReadHtmlCacheBehavior [ RunTime:0.000525s ]
INFO: [ app_begin ] --END-- [ RunTime:0.000596s ]
NOTIC: [2] session_start(): Cannot send session cookie - headers already sent by (output started at /data/home/qxu2062980122/htdocs/ThinkPHP/Conf/convention.php:1) /data/home/qxu2062980122/htdocs/ThinkPHP/Common/functions.php 第 1263 行.
NOTIC: [2] session_start(): Cannot send session cache limiter - headers already sent (output started at /data/home/qxu2062980122/htdocs/ThinkPHP/Conf/convention.php:1) /data/home/qxu2062980122/htdocs/ThinkPHP/Common/functions.php 第 1263 行.
SQL: SHOW COLUMNS FROM `wx_cur_wechat` [ RunTime:0.0011s ]
SQL: SELECT * FROM `wx_cur_wechat` WHERE ( 1 = 1 ) LIMIT 1   [ RunTime:0.0007s ]
SQL: SHOW COLUMNS FROM `wx_wechat` [ RunTime:0.0011s ]
SQL: SELECT * FROM `wx_wechat` WHERE `token` = 'gh_0cd081a29ac3' LIMIT 1   [ RunTime:0.0008s ]

[ 2016-06-03T12:28:33+08:00 ] 101.226.125.119 /index.php/WeSite/Register/index
INFO: [ app_init ] --START--
INFO: Run Behavior\BuildLiteBehavior [ RunTime:0.000027s ]
INFO: [ app_init ] --END-- [ RunTime:0.000421s ]
INFO: [ app_begin ] --START--
INFO: Run Behavior\ReadHtmlCacheBehavior [ RunTime:0.000529s ]
INFO: [ app_begin ] --END-- [ RunTime:0.000598s ]
NOTIC: [2] session_start(): Cannot send session cookie - headers already sent by (output started at /data/home/qxu2062980122/htdocs/ThinkPHP/Conf/convention.php:1) /data/home/qxu2062980122/htdocs/ThinkPHP/Common/functions.php 第 1263 行.
NOTIC: [2] session_start(): Cannot send session cache limiter - headers already sent (output started at /data/home/qxu2062980122/htdocs/ThinkPHP/Conf/convention.php:1) /data/home/qxu2062980122/htdocs/ThinkPHP/Common/functions.php 第 1263 行.
SQL: SHOW COLUMNS FROM `wx_cur_wechat` [ RunTime:0.0014s ]
SQL: SELECT * FROM `wx_cur_wechat` WHERE ( 1 = 1 ) LIMIT 1   [ RunTime:0.0008s ]
SQL: SHOW COLUMNS FROM `wx_wechat` [ RunTime:0.0012s ]
SQL: SELECT * FROM `wx_wechat` WHERE `token` = 'gh_0cd081a29ac3' LIMIT 1   [ RunTime:0.0009s ]

[ 2016-06-03T12:28:34+08:00 ] 101.226.125.119 /index.php/WeSite/Register/index?t=1464928113&getOpenId=1&code=001OXqiI08D1x32XdqiI0xlriI0OXqi4&state=STATE
INFO: [ app_init ] --START--
INFO: Run Behavior\BuildLiteBehavior [ RunTime:0.000026s ]
INFO: [ app_init ] --END-- [ RunTime:0.000428s ]
INFO: [ app_begin ] --START--
INFO: Run Behavior\ReadHtmlCacheBehavior [ RunTime:0.000495s ]
INFO: [ app_begin ] --END-- [ RunTime:0.000563s ]
NOTIC: [2] session_start(): Cannot send session cookie - headers already sent by (output started at /data/home/qxu2062980122/htdocs/ThinkPHP/Conf/convention.php:1) /data/home/qxu2062980122/htdocs/ThinkPHP/Common/functions.php 第 1263 行.
NOTIC: [2] session_start(): Cannot send session cache limiter - headers already sent (output started at /data/home/qxu2062980122/htdocs/ThinkPHP/Conf/convention.php:1) /data/home/qxu2062980122/htdocs/ThinkPHP/Common/functions.php 第 1263 行.
SQL: SHOW COLUMNS FROM `wx_cur_wechat` [ RunTime:0.0012s ]
SQL: SELECT * FROM `wx_cur_wechat` WHERE ( 1 = 1 ) LIMIT 1   [ RunTime:0.0007s ]
SQL: SHOW COLUMNS FROM `wx_wechat` [ RunTime:0.0011s ]
SQL: SELECT * FROM `wx_wechat` WHERE `token` = 'gh_0cd081a29ac3' LIMIT 1   [ RunTime:0.0015s ]
SQL: SHOW COLUMNS FROM `wx_member` [ RunTime:0.0018s ]
SQL: SELECT * FROM `wx_member` WHERE ( openid = 'o94P_s9yLSc4GYSPPeEkW9EinOKs' ) LIMIT 1   [ RunTime:0.0009s ]
SQL: UPDATE `wx_member` SET `nickname`='东方',`headimgurl`='http://wx.qlogo.cn/mmopen/Q3auHgzwzM5JVSeEdL8L9f3icRFyWA1aKoiacM64unnUiaEQr8Q62hPAZP32gwK1xkNbSPrq8Av1broApPibtAJyHg/0' WHERE ( openid = 'o94P_s9yLSc4GYSPPeEkW9EinOKs' ) [ RunTime:0.0008s ]
ERR: o94P_s9yLSc4GYSPPeEkW9EinOKs
INFO: [ view_parse ] --START--
INFO: [ template_filter ] --START--
INFO: Run Behavior\ContentReplaceBehavior [ RunTime:0.000184s ]
INFO: [ template_filter ] --END-- [ RunTime:0.000300s ]
INFO: Run Behavior\ParseTemplateBehavior [ RunTime:0.031171s ]
INFO: [ view_parse ] --END-- [ RunTime:0.031291s ]
INFO: [ view_filter ] --START--
INFO: Run Behavior\WriteHtmlCacheBehavior [ RunTime:0.000355s ]
INFO: [ view_filter ] --END-- [ RunTime:0.000406s ]
NOTIC: [2] Cannot modify header information - headers already sent by (output started at /data/home/qxu2062980122/htdocs/ThinkPHP/Conf/convention.php:1) /data/home/qxu2062980122/htdocs/ThinkPHP/Library/Think/View.class.php 第 91 行.
NOTIC: [2] Cannot modify header information - headers already sent by (output started at /data/home/qxu2062980122/htdocs/ThinkPHP/Conf/convention.php:1) /data/home/qxu2062980122/htdocs/ThinkPHP/Library/Think/View.class.php 第 92 行.
NOTIC: [2] Cannot modify header information - headers already sent by (output started at /data/home/qxu2062980122/htdocs/ThinkPHP/Conf/convention.php:1) /data/home/qxu2062980122/htdocs/ThinkPHP/Library/Think/View.class.php 第 93 行.
INFO: [ app_end ] --START--
INFO: Run Behavior\ShowPageTraceBehavior [ RunTime:0.000702s ]
INFO: [ app_end ] --END-- [ RunTime:0.000807s ]

[ 2016-06-03T12:29:51+08:00 ] 101.226.125.119 /index.php/WeSite/Register/index?t=1464928113&getOpenId=1&code=021x8bMR05xMic2hQHLR0KxdMR0x8bMH&state=STATE
INFO: [ app_init ] --START--
INFO: Run Behavior\BuildLiteBehavior [ RunTime:0.000026s ]
INFO: [ app_init ] --END-- [ RunTime:0.000440s ]
INFO: [ app_begin ] --START--
INFO: Run Behavior\ReadHtmlCacheBehavior [ RunTime:0.000543s ]
INFO: [ app_begin ] --END-- [ RunTime:0.000637s ]
NOTIC: [2] session_start(): Cannot send session cookie - headers already sent by (output started at /data/home/qxu2062980122/htdocs/ThinkPHP/Conf/convention.php:1) /data/home/qxu2062980122/htdocs/ThinkPHP/Common/functions.php 第 1263 行.
NOTIC: [2] session_start(): Cannot send session cache limiter - headers already sent (output started at /data/home/qxu2062980122/htdocs/ThinkPHP/Conf/convention.php:1) /data/home/qxu2062980122/htdocs/ThinkPHP/Common/functions.php 第 1263 行.
SQL: SHOW COLUMNS FROM `wx_cur_wechat` [ RunTime:0.0011s ]
SQL: SELECT * FROM `wx_cur_wechat` WHERE ( 1 = 1 ) LIMIT 1   [ RunTime:0.0006s ]
SQL: SHOW COLUMNS FROM `wx_wechat` [ RunTime:0.0010s ]
SQL: SELECT * FROM `wx_wechat` WHERE `token` = 'gh_0cd081a29ac3' LIMIT 1   [ RunTime:0.0006s ]
SQL: SHOW COLUMNS FROM `wx_member` [ RunTime:0.0014s ]
SQL: SELECT * FROM `wx_member` WHERE ( openid = 'o94P_s9yLSc4GYSPPeEkW9EinOKs' ) LIMIT 1   [ RunTime:0.0006s ]
SQL: UPDATE `wx_member` SET `nickname`='东方',`headimgurl`='http://wx.qlogo.cn/mmopen/Q3auHgzwzM5JVSeEdL8L9f3icRFyWA1aKoiacM64unnUiaEQr8Q62hPAZP32gwK1xkNbSPrq8Av1broApPibtAJyHg/0' WHERE ( openid = 'o94P_s9yLSc4GYSPPeEkW9EinOKs' ) [ RunTime:0.0008s ]
ERR: o94P_s9yLSc4GYSPPeEkW9EinOKs
INFO: [ view_parse ] --START--
INFO: [ template_filter ] --START--
INFO: Run Behavior\ContentReplaceBehavior [ RunTime:0.000172s ]
INFO: [ template_filter ] --END-- [ RunTime:0.000271s ]
INFO: Run Behavior\ParseTemplateBehavior [ RunTime:0.010561s ]
INFO: [ view_parse ] --END-- [ RunTime:0.010653s ]
INFO: [ view_filter ] --START--
INFO: Run Behavior\WriteHtmlCacheBehavior [ RunTime:0.000297s ]
INFO: [ view_filter ] --END-- [ RunTime:0.000347s ]
NOTIC: [2] Cannot modify header information - headers already sent by (output started at /data/home/qxu2062980122/htdocs/ThinkPHP/Conf/convention.php:1) /data/home/qxu2062980122/htdocs/ThinkPHP/Library/Think/View.class.php 第 91 行.
NOTIC: [2] Cannot modify header information - headers already sent by (output started at /data/home/qxu2062980122/htdocs/ThinkPHP/Conf/convention.php:1) /data/home/qxu2062980122/htdocs/ThinkPHP/Library/Think/View.class.php 第 92 行.
NOTIC: [2] Cannot modify header information - headers already sent by (output started at /data/home/qxu2062980122/htdocs/ThinkPHP/Conf/convention.php:1) /data/home/qxu2062980122/htdocs/ThinkPHP/Library/Think/View.class.php 第 93 行.
INFO: [ app_end ] --START--
INFO: Run Behavior\ShowPageTraceBehavior [ RunTime:0.000569s ]
INFO: [ app_end ] --END-- [ RunTime:0.000643s ]

[ 2016-06-03T12:29:53+08:00 ] 101.226.125.119 /index.php/WeSite/Register/index?t=1464928113&getOpenId=1&code=021yjmOB0qTu6a2WNvNB0ecjOB0yjmOU&state=STATE
INFO: [ app_init ] --START--
INFO: Run Behavior\BuildLiteBehavior [ RunTime:0.000049s ]
INFO: [ app_init ] --END-- [ RunTime:0.000553s ]
INFO: [ app_begin ] --START--
INFO: Run Behavior\ReadHtmlCacheBehavior [ RunTime:0.000507s ]
INFO: [ app_begin ] --END-- [ RunTime:0.000577s ]
NOTIC: [2] session_start(): Cannot send session cookie - headers already sent by (output started at /data/home/qxu2062980122/htdocs/ThinkPHP/Conf/convention.php:1) /data/home/qxu2062980122/htdocs/ThinkPHP/Common/functions.php 第 1263 行.
NOTIC: [2] session_start(): Cannot send session cache limiter - headers already sent (output started at /data/home/qxu2062980122/htdocs/ThinkPHP/Conf/convention.php:1) /data/home/qxu2062980122/htdocs/ThinkPHP/Common/functions.php 第 1263 行.
SQL: SHOW COLUMNS FROM `wx_cur_wechat` [ RunTime:0.0012s ]
SQL: SELECT * FROM `wx_cur_wechat` WHERE ( 1 = 1 ) LIMIT 1   [ RunTime:0.0006s ]
SQL: SHOW COLUMNS FROM `wx_wechat` [ RunTime:0.0010s ]
SQL: SELECT * FROM `wx_wechat` WHERE `token` = 'gh_0cd081a29ac3' LIMIT 1   [ RunTime:0.0007s ]
SQL: SHOW COLUMNS FROM `wx_member` [ RunTime:0.0014s ]
SQL: SELECT * FROM `wx_member` WHERE ( openid = 'o94P_s9yLSc4GYSPPeEkW9EinOKs' ) LIMIT 1   [ RunTime:0.0006s ]
SQL: UPDATE `wx_member` SET `nickname`='东方',`headimgurl`='http://wx.qlogo.cn/mmopen/Q3auHgzwzM5JVSeEdL8L9f3icRFyWA1aKoiacM64unnUiaEQr8Q62hPAZP32gwK1xkNbSPrq8Av1broApPibtAJyHg/0' WHERE ( openid = 'o94P_s9yLSc4GYSPPeEkW9EinOKs' ) [ RunTime:0.0008s ]
ERR: o94P_s9yLSc4GYSPPeEkW9EinOKs
INFO: [ view_parse ] --START--
INFO: [ template_filter ] --START--
INFO: Run Behavior\ContentReplaceBehavior [ RunTime:0.000194s ]
INFO: [ template_filter ] --END-- [ RunTime:0.000348s ]
INFO: Run Behavior\ParseTemplateBehavior [ RunTime:0.013280s ]
INFO: [ view_parse ] --END-- [ RunTime:0.013373s ]
INFO: [ view_filter ] --START--
INFO: Run Behavior\WriteHtmlCacheBehavior [ RunTime:0.000326s ]
INFO: [ view_filter ] --END-- [ RunTime:0.000378s ]
NOTIC: [2] Cannot modify header information - headers already sent by (output started at /data/home/qxu2062980122/htdocs/ThinkPHP/Conf/convention.php:1) /data/home/qxu2062980122/htdocs/ThinkPHP/Library/Think/View.class.php 第 91 行.
NOTIC: [2] Cannot modify header information - headers already sent by (output started at /data/home/qxu2062980122/htdocs/ThinkPHP/Conf/convention.php:1) /data/home/qxu2062980122/htdocs/ThinkPHP/Library/Think/View.class.php 第 92 行.
NOTIC: [2] Cannot modify header information - headers already sent by (output started at /data/home/qxu2062980122/htdocs/ThinkPHP/Conf/convention.php:1) /data/home/qxu2062980122/htdocs/ThinkPHP/Library/Think/View.class.php 第 93 行.
INFO: [ app_end ] --START--
INFO: Run Behavior\ShowPageTraceBehavior [ RunTime:0.000551s ]
INFO: [ app_end ] --END-- [ RunTime:0.000636s ]

[ 2016-06-03T12:30:00+08:00 ] 101.226.125.119 /index.php/WeSite/Person/index
INFO: [ app_init ] --START--
INFO: Run Behavior\BuildLiteBehavior [ RunTime:0.000040s ]
INFO: [ app_init ] --END-- [ RunTime:0.000716s ]
INFO: [ app_begin ] --START--
INFO: Run Behavior\ReadHtmlCacheBehavior [ RunTime:0.000899s ]
INFO: [ app_begin ] --END-- [ RunTime:0.001018s ]
NOTIC: [2] session_start(): Cannot send session cookie - headers already sent by (output started at /data/home/qxu2062980122/htdocs/ThinkPHP/Conf/convention.php:1) /data/home/qxu2062980122/htdocs/ThinkPHP/Common/functions.php 第 1263 行.
NOTIC: [2] session_start(): Cannot send session cache limiter - headers already sent (output started at /data/home/qxu2062980122/htdocs/ThinkPHP/Conf/convention.php:1) /data/home/qxu2062980122/htdocs/ThinkPHP/Common/functions.php 第 1263 行.
SQL: SHOW COLUMNS FROM `wx_cur_wechat` [ RunTime:0.0012s ]
SQL: SELECT * FROM `wx_cur_wechat` WHERE ( 1 = 1 ) LIMIT 1   [ RunTime:0.0006s ]
ERR: 
SQL: SHOW COLUMNS FROM `wx_wechat` [ RunTime:0.0011s ]
SQL: SELECT * FROM `wx_wechat` WHERE `token` = 'gh_0cd081a29ac3' LIMIT 1   [ RunTime:0.0006s ]

[ 2016-06-03T12:30:00+08:00 ] 101.226.125.119 /index.php/WeSite/Person/index?t=1464928200&getOpenId=1&code=0315XB8O0ZT7cg2vFY9O02oE8O05XB8y&state=123
INFO: [ app_init ] --START--
INFO: Run Behavior\BuildLiteBehavior [ RunTime:0.000023s ]
INFO: [ app_init ] --END-- [ RunTime:0.000414s ]
INFO: [ app_begin ] --START--
INFO: Run Behavior\ReadHtmlCacheBehavior [ RunTime:0.000521s ]
INFO: [ app_begin ] --END-- [ RunTime:0.000589s ]
NOTIC: [2] session_start(): Cannot send session cookie - headers already sent by (output started at /data/home/qxu2062980122/htdocs/ThinkPHP/Conf/convention.php:1) /data/home/qxu2062980122/htdocs/ThinkPHP/Common/functions.php 第 1263 行.
NOTIC: [2] session_start(): Cannot send session cache limiter - headers already sent (output started at /data/home/qxu2062980122/htdocs/ThinkPHP/Conf/convention.php:1) /data/home/qxu2062980122/htdocs/ThinkPHP/Common/functions.php 第 1263 行.
SQL: SHOW COLUMNS FROM `wx_cur_wechat` [ RunTime:0.0014s ]
SQL: SELECT * FROM `wx_cur_wechat` WHERE ( 1 = 1 ) LIMIT 1   [ RunTime:0.0007s ]
ERR: 
SQL: SHOW COLUMNS FROM `wx_wechat` [ RunTime:0.0013s ]
SQL: SELECT * FROM `wx_wechat` WHERE `token` = 'gh_0cd081a29ac3' LIMIT 1   [ RunTime:0.0007s ]

[ 2016-06-03T12:30:01+08:00 ] 101.226.125.119 /index.php/WeSite/Person/index?t=1464928200&getOpenId=1&code=0315XB8O0ZT7cg2vFY9O02oE8O05XB8y&state=123&openid=o94P_s9yLSc4GYSPPeEkW9EinOKs
INFO: [ app_init ] --START--
INFO: Run Behavior\BuildLiteBehavior [ RunTime:0.000026s ]
INFO: [ app_init ] --END-- [ RunTime:0.000479s ]
INFO: [ app_begin ] --START--
INFO: Run Behavior\ReadHtmlCacheBehavior [ RunTime:0.000670s ]
INFO: [ app_begin ] --END-- [ RunTime:0.000789s ]
NOTIC: [2] session_start(): Cannot send session cookie - headers already sent by (output started at /data/home/qxu2062980122/htdocs/ThinkPHP/Conf/convention.php:1) /data/home/qxu2062980122/htdocs/ThinkPHP/Common/functions.php 第 1263 行.
NOTIC: [2] session_start(): Cannot send session cache limiter - headers already sent (output started at /data/home/qxu2062980122/htdocs/ThinkPHP/Conf/convention.php:1) /data/home/qxu2062980122/htdocs/ThinkPHP/Common/functions.php 第 1263 行.
SQL: SHOW COLUMNS FROM `wx_cur_wechat` [ RunTime:0.0012s ]
SQL: SELECT * FROM `wx_cur_wechat` WHERE ( 1 = 1 ) LIMIT 1   [ RunTime:0.0006s ]
ERR: o94P_s9yLSc4GYSPPeEkW9EinOKs
SQL: SHOW COLUMNS FROM `ws_page` [ RunTime:0.0015s ]
SQL: SELECT * FROM `ws_page` WHERE ( openid = 'o94P_s9yLSc4GYSPPeEkW9EinOKs' )  [ RunTime:0.0008s ]
SQL: SHOW COLUMNS FROM `ws_comment` [ RunTime:0.0012s ]
SQL: SELECT COUNT(*) AS tp_count FROM `ws_comment` WHERE ( page_id = 48 ) LIMIT 1   [ RunTime:0.0007s ]
SQL: SELECT COUNT(*) AS tp_count FROM `ws_comment` WHERE ( page_id = 49 ) LIMIT 1   [ RunTime:0.0006s ]
INFO: [ view_parse ] --START--
INFO: [ template_filter ] --START--
INFO: Run Behavior\ContentReplaceBehavior [ RunTime:0.000068s ]
INFO: [ template_filter ] --END-- [ RunTime:0.000173s ]
INFO: Run Behavior\ParseTemplateBehavior [ RunTime:0.010706s ]
INFO: [ view_parse ] --END-- [ RunTime:0.010856s ]
INFO: [ view_filter ] --START--
INFO: Run Behavior\WriteHtmlCacheBehavior [ RunTime:0.000296s ]
INFO: [ view_filter ] --END-- [ RunTime:0.000344s ]
NOTIC: [2] Cannot modify header information - headers already sent by (output started at /data/home/qxu2062980122/htdocs/ThinkPHP/Conf/convention.php:1) /data/home/qxu2062980122/htdocs/ThinkPHP/Library/Think/View.class.php 第 91 行.
NOTIC: [2] Cannot modify header information - headers already sent by (output started at /data/home/qxu2062980122/htdocs/ThinkPHP/Conf/convention.php:1) /data/home/qxu2062980122/htdocs/ThinkPHP/Library/Think/View.class.php 第 92 行.
NOTIC: [2] Cannot modify header information - headers already sent by (output started at /data/home/qxu2062980122/htdocs/ThinkPHP/Conf/convention.php:1) /data/home/qxu2062980122/htdocs/ThinkPHP/Library/Think/View.class.php 第 93 行.
INFO: [ app_end ] --START--
INFO: Run Behavior\ShowPageTraceBehavior [ RunTime:0.000599s ]
INFO: [ app_end ] --END-- [ RunTime:0.000656s ]

[ 2016-06-03T12:30:04+08:00 ] 117.135.170.67 /index.php/WeSite/Page/index/page_id/49
INFO: [ app_init ] --START--
INFO: Run Behavior\BuildLiteBehavior [ RunTime:0.000034s ]
INFO: [ app_init ] --END-- [ RunTime:0.000515s ]
INFO: [ app_begin ] --START--
INFO: Run Behavior\ReadHtmlCacheBehavior [ RunTime:0.000642s ]
INFO: [ app_begin ] --END-- [ RunTime:0.000730s ]
NOTIC: [2] session_start(): Cannot send session cookie - headers already sent by (output started at /data/home/qxu2062980122/htdocs/ThinkPHP/Conf/convention.php:1) /data/home/qxu2062980122/htdocs/ThinkPHP/Common/functions.php 第 1263 行.
NOTIC: [2] session_start(): Cannot send session cache limiter - headers already sent (output started at /data/home/qxu2062980122/htdocs/ThinkPHP/Conf/convention.php:1) /data/home/qxu2062980122/htdocs/ThinkPHP/Common/functions.php 第 1263 行.
SQL: SHOW COLUMNS FROM `wx_cur_wechat` [ RunTime:0.0013s ]
SQL: SELECT * FROM `wx_cur_wechat` WHERE ( 1 = 1 ) LIMIT 1   [ RunTime:0.0006s ]
ERR: 
SQL: SHOW COLUMNS FROM `wx_wechat` [ RunTime:0.0010s ]
SQL: SELECT * FROM `wx_wechat` WHERE `token` = 'gh_0cd081a29ac3' LIMIT 1   [ RunTime:0.0006s ]

[ 2016-06-03T12:30:05+08:00 ] 101.226.125.119 /index.php/WeSite/Page/index/page_id/49?t=1464928204&getOpenId=1&code=031kSH411SfEYL1ej4211VWM411kSH4L&state=123
INFO: [ app_init ] --START--
INFO: Run Behavior\BuildLiteBehavior [ RunTime:0.000027s ]
INFO: [ app_init ] --END-- [ RunTime:0.000464s ]
INFO: [ app_begin ] --START--
INFO: Run Behavior\ReadHtmlCacheBehavior [ RunTime:0.000589s ]
INFO: [ app_begin ] --END-- [ RunTime:0.000670s ]
NOTIC: [2] session_start(): Cannot send session cookie - headers already sent by (output started at /data/home/qxu2062980122/htdocs/ThinkPHP/Conf/convention.php:1) /data/home/qxu2062980122/htdocs/ThinkPHP/Common/functions.php 第 1263 行.
NOTIC: [2] session_start(): Cannot send session cache limiter - headers already sent (output started at /data/home/qxu2062980122/htdocs/ThinkPHP/Conf/convention.php:1) /data/home/qxu2062980122/htdocs/ThinkPHP/Common/functions.php 第 1263 行.
SQL: SHOW COLUMNS FROM `wx_cur_wechat` [ RunTime:0.0013s ]
SQL: SELECT * FROM `wx_cur_wechat` WHERE ( 1 = 1 ) LIMIT 1   [ RunTime:0.0007s ]
ERR: 
SQL: SHOW COLUMNS FROM `wx_wechat` [ RunTime:0.0011s ]
SQL: SELECT * FROM `wx_wechat` WHERE `token` = 'gh_0cd081a29ac3' LIMIT 1   [ RunTime:0.0007s ]

[ 2016-06-03T12:30:06+08:00 ] 117.135.170.67 /index.php/WeSite/Page/index/page_id/49?t=1464928204&getOpenId=1&code=031kSH411SfEYL1ej4211VWM411kSH4L&state=123&openid=o94P_s9yLSc4GYSPPeEkW9EinOKs
INFO: [ app_init ] --START--
INFO: Run Behavior\BuildLiteBehavior [ RunTime:0.000028s ]
INFO: [ app_init ] --END-- [ RunTime:0.000508s ]
INFO: [ app_begin ] --START--
INFO: Run Behavior\ReadHtmlCacheBehavior [ RunTime:0.000913s ]
INFO: [ app_begin ] --END-- [ RunTime:0.001026s ]
NOTIC: [2] session_start(): Cannot send session cookie - headers already sent by (output started at /data/home/qxu2062980122/htdocs/ThinkPHP/Conf/convention.php:1) /data/home/qxu2062980122/htdocs/ThinkPHP/Common/functions.php 第 1263 行.
NOTIC: [2] session_start(): Cannot send session cache limiter - headers already sent (output started at /data/home/qxu2062980122/htdocs/ThinkPHP/Conf/convention.php:1) /data/home/qxu2062980122/htdocs/ThinkPHP/Common/functions.php 第 1263 行.
SQL: SHOW COLUMNS FROM `wx_cur_wechat` [ RunTime:0.0013s ]
SQL: SELECT * FROM `wx_cur_wechat` WHERE ( 1 = 1 ) LIMIT 1   [ RunTime:0.0063s ]
ERR: o94P_s9yLSc4GYSPPeEkW9EinOKs
SQL: SHOW COLUMNS FROM `wx_wechat` [ RunTime:0.0010s ]
SQL: SELECT * FROM `wx_wechat` WHERE `token` = 'gh_0cd081a29ac3' LIMIT 1   [ RunTime:0.0007s ]
SQL: SHOW COLUMNS FROM `wx_access_token` [ RunTime:0.0011s ]
SQL: SELECT * FROM `wx_access_token` WHERE `token` = 'gh_0cd081a29ac3' LIMIT 1   [ RunTime:0.0010s ]
SQL: SELECT * FROM `wx_wechat` WHERE `token` = 'gh_0cd081a29ac3' LIMIT 1   [ RunTime:0.0006s ]
SQL: UPDATE `wx_access_token` SET `expire_time`='1464935205',`access_token`='WLThTP4FGFBi7H_3buzGJWWvDxdSy5eBz14zo14KosGDu4L1GdvaiD6F_sRjgKPyBzHO1-ACWeqD4oiHv2jHZFGV3dlFQ7Cyf_H3pABTRrOu6lqOG9lKu4KlrnDRubJ4EDUgAAAZYP' WHERE `token` = 'gh_0cd081a29ac3' [ RunTime:0.3997s ]
SQL: SHOW COLUMNS FROM `ws_page` [ RunTime:0.0016s ]
SQL: SELECT * FROM `ws_page` WHERE ( id = 49 ) LIMIT 1   [ RunTime:0.0008s ]
SQL: SHOW COLUMNS FROM `ws_zan` [ RunTime:0.0012s ]
SQL: SELECT COUNT(*) AS tp_count FROM `ws_zan` WHERE ( page_id = 49 ) LIMIT 1   [ RunTime:0.0007s ]
INFO: [ view_parse ] --START--
INFO: [ template_filter ] --START--
INFO: Run Behavior\ContentReplaceBehavior [ RunTime:0.000077s ]
INFO: [ template_filter ] --END-- [ RunTime:0.000162s ]
NOTIC: [8] Undefined variable: url /data/home/qxu2062980122/htdocs/Application/Runtime/Cache/WeSite/4cd85e42ba2781c6cce2bc2cc3f94d71.php 第 40 行.
NOTIC: [8] Undefined variable: url /data/home/qxu2062980122/htdocs/Application/Runtime/Cache/WeSite/4cd85e42ba2781c6cce2bc2cc3f94d71.php 第 53 行.
INFO: Run Behavior\ParseTemplateBehavior [ RunTime:0.009106s ]
INFO: [ view_parse ] --END-- [ RunTime:0.009203s ]
INFO: [ view_filter ] --START--
INFO: Run Behavior\WriteHtmlCacheBehavior [ RunTime:0.000297s ]
INFO: [ view_filter ] --END-- [ RunTime:0.000351s ]
NOTIC: [2] Cannot modify header information - headers already sent by (output started at /data/home/qxu2062980122/htdocs/ThinkPHP/Conf/convention.php:1) /data/home/qxu2062980122/htdocs/ThinkPHP/Library/Think/View.class.php 第 91 行.
NOTIC: [2] Cannot modify header information - headers already sent by (output started at /data/home/qxu2062980122/htdocs/ThinkPHP/Conf/convention.php:1) /data/home/qxu2062980122/htdocs/ThinkPHP/Library/Think/View.class.php 第 92 行.
NOTIC: [2] Cannot modify header information - headers already sent by (output started at /data/home/qxu2062980122/htdocs/ThinkPHP/Conf/convention.php:1) /data/home/qxu2062980122/htdocs/ThinkPHP/Library/Think/View.class.php 第 93 行.
INFO: [ app_end ] --START--
INFO: Run Behavior\ShowPageTraceBehavior [ RunTime:0.000624s ]
INFO: [ app_end ] --END-- [ RunTime:0.000687s ]

[ 2016-06-03T12:30:26+08:00 ] 101.226.125.119 /index.php/WeSite/Page/index/page_id/49?t=1464928204&getOpenId=1&code=041WzR1y07rWLm1AhI3y0w4V1y0WzR1G&state=123
INFO: [ app_init ] --START--
INFO: Run Behavior\BuildLiteBehavior [ RunTime:0.000022s ]
INFO: [ app_init ] --END-- [ RunTime:0.000438s ]
INFO: [ app_begin ] --START--
INFO: Run Behavior\ReadHtmlCacheBehavior [ RunTime:0.000497s ]
INFO: [ app_begin ] --END-- [ RunTime:0.000567s ]
NOTIC: [2] session_start(): Cannot send session cookie - headers already sent by (output started at /data/home/qxu2062980122/htdocs/ThinkPHP/Conf/convention.php:1) /data/home/qxu2062980122/htdocs/ThinkPHP/Common/functions.php 第 1263 行.
NOTIC: [2] session_start(): Cannot send session cache limiter - headers already sent (output started at /data/home/qxu2062980122/htdocs/ThinkPHP/Conf/convention.php:1) /data/home/qxu2062980122/htdocs/ThinkPHP/Common/functions.php 第 1263 行.
SQL: SHOW COLUMNS FROM `wx_cur_wechat` [ RunTime:0.0012s ]
SQL: SELECT * FROM `wx_cur_wechat` WHERE ( 1 = 1 ) LIMIT 1   [ RunTime:0.0006s ]
ERR: 
SQL: SHOW COLUMNS FROM `wx_wechat` [ RunTime:0.0010s ]
SQL: SELECT * FROM `wx_wechat` WHERE `token` = 'gh_0cd081a29ac3' LIMIT 1   [ RunTime:0.0007s ]

[ 2016-06-03T12:30:26+08:00 ] 101.226.125.119 /index.php/WeSite/Page/index/page_id/49?t=1464928204&getOpenId=1&code=041WzR1y07rWLm1AhI3y0w4V1y0WzR1G&state=123&openid=o94P_s9yLSc4GYSPPeEkW9EinOKs
INFO: [ app_init ] --START--
INFO: Run Behavior\BuildLiteBehavior [ RunTime:0.000023s ]
INFO: [ app_init ] --END-- [ RunTime:0.000448s ]
INFO: [ app_begin ] --START--
INFO: Run Behavior\ReadHtmlCacheBehavior [ RunTime:0.000612s ]
INFO: [ app_begin ] --END-- [ RunTime:0.000687s ]
NOTIC: [2] session_start(): Cannot send session cookie - headers already sent by (output started at /data/home/qxu2062980122/htdocs/ThinkPHP/Conf/convention.php:1) /data/home/qxu2062980122/htdocs/ThinkPHP/Common/functions.php 第 1263 行.
NOTIC: [2] session_start(): Cannot send session cache limiter - headers already sent (output started at /data/home/qxu2062980122/htdocs/ThinkPHP/Conf/convention.php:1) /data/home/qxu2062980122/htdocs/ThinkPHP/Common/functions.php 第 1263 行.
SQL: SHOW COLUMNS FROM `wx_cur_wechat` [ RunTime:0.0012s ]
SQL: SELECT * FROM `wx_cur_wechat` WHERE ( 1 = 1 ) LIMIT 1   [ RunTime:0.0007s ]
ERR: o94P_s9yLSc4GYSPPeEkW9EinOKs
SQL: SHOW COLUMNS FROM `wx_wechat` [ RunTime:0.0011s ]
SQL: SELECT * FROM `wx_wechat` WHERE `token` = 'gh_0cd081a29ac3' LIMIT 1   [ RunTime:0.0007s ]
SQL: SHOW COLUMNS FROM `wx_access_token` [ RunTime:0.0010s ]
SQL: SELECT * FROM `wx_access_token` WHERE `token` = 'gh_0cd081a29ac3' LIMIT 1   [ RunTime:0.0009s ]
SQL: SHOW COLUMNS FROM `ws_page` [ RunTime:0.0017s ]
SQL: SELECT * FROM `ws_page` WHERE ( id = 49 ) LIMIT 1   [ RunTime:0.0059s ]
SQL: SHOW COLUMNS FROM `ws_zan` [ RunTime:0.0010s ]
SQL: SELECT COUNT(*) AS tp_count FROM `ws_zan` WHERE ( page_id = 49 ) LIMIT 1   [ RunTime:0.0007s ]
INFO: [ view_parse ] --START--
INFO: [ template_filter ] --START--
INFO: Run Behavior\ContentReplaceBehavior [ RunTime:0.000072s ]
INFO: [ template_filter ] --END-- [ RunTime:0.000152s ]
NOTIC: [8] Undefined variable: url /data/home/qxu2062980122/htdocs/Application/Runtime/Cache/WeSite/4cd85e42ba2781c6cce2bc2cc3f94d71.php 第 40 行.
NOTIC: [8] Undefined variable: url /data/home/qxu2062980122/htdocs/Application/Runtime/Cache/WeSite/4cd85e42ba2781c6cce2bc2cc3f94d71.php 第 53 行.
INFO: Run Behavior\ParseTemplateBehavior [ RunTime:0.009559s ]
INFO: [ view_parse ] --END-- [ RunTime:0.009682s ]
INFO: [ view_filter ] --START--
INFO: Run Behavior\WriteHtmlCacheBehavior [ RunTime:0.000302s ]
INFO: [ view_filter ] --END-- [ RunTime:0.000351s ]
NOTIC: [2] Cannot modify header information - headers already sent by (output started at /data/home/qxu2062980122/htdocs/ThinkPHP/Conf/convention.php:1) /data/home/qxu2062980122/htdocs/ThinkPHP/Library/Think/View.class.php 第 91 行.
NOTIC: [2] Cannot modify header information - headers already sent by (output started at /data/home/qxu2062980122/htdocs/ThinkPHP/Conf/convention.php:1) /data/home/qxu2062980122/htdocs/ThinkPHP/Library/Think/View.class.php 第 92 行.
NOTIC: [2] Cannot modify header information - headers already sent by (output started at /data/home/qxu2062980122/htdocs/ThinkPHP/Conf/convention.php:1) /data/home/qxu2062980122/htdocs/ThinkPHP/Library/Think/View.class.php 第 93 行.
INFO: [ app_end ] --START--
INFO: Run Behavior\ShowPageTraceBehavior [ RunTime:0.000668s ]
INFO: [ app_end ] --END-- [ RunTime:0.000731s ]

[ 2016-06-03T12:30:27+08:00 ] 101.226.125.119 /index.php/WeSite/Page/index/page_id/49?t=1464928204&getOpenId=1&code=011Lm1G12TzxI31HhbI125mYF12Lm1GV&state=123
INFO: [ app_init ] --START--
INFO: Run Behavior\BuildLiteBehavior [ RunTime:0.000029s ]
INFO: [ app_init ] --END-- [ RunTime:0.000498s ]
INFO: [ app_begin ] --START--
INFO: Run Behavior\ReadHtmlCacheBehavior [ RunTime:0.000586s ]
INFO: [ app_begin ] --END-- [ RunTime:0.000667s ]
NOTIC: [2] session_start(): Cannot send session cookie - headers already sent by (output started at /data/home/qxu2062980122/htdocs/ThinkPHP/Conf/convention.php:1) /data/home/qxu2062980122/htdocs/ThinkPHP/Common/functions.php 第 1263 行.
NOTIC: [2] session_start(): Cannot send session cache limiter - headers already sent (output started at /data/home/qxu2062980122/htdocs/ThinkPHP/Conf/convention.php:1) /data/home/qxu2062980122/htdocs/ThinkPHP/Common/functions.php 第 1263 行.
SQL: SHOW COLUMNS FROM `wx_cur_wechat` [ RunTime:0.0012s ]
SQL: SELECT * FROM `wx_cur_wechat` WHERE ( 1 = 1 ) LIMIT 1   [ RunTime:0.0007s ]
ERR: 
SQL: SHOW COLUMNS FROM `wx_wechat` [ RunTime:0.0011s ]
SQL: SELECT * FROM `wx_wechat` WHERE `token` = 'gh_0cd081a29ac3' LIMIT 1   [ RunTime:0.0007s ]

[ 2016-06-03T12:30:27+08:00 ] 101.226.125.119 /index.php/WeSite/Page/index/page_id/49?t=1464928204&getOpenId=1&code=011Lm1G12TzxI31HhbI125mYF12Lm1GV&state=123&openid=o94P_s9yLSc4GYSPPeEkW9EinOKs
INFO: [ app_init ] --START--
INFO: Run Behavior\BuildLiteBehavior [ RunTime:0.000022s ]
INFO: [ app_init ] --END-- [ RunTime:0.000451s ]
INFO: [ app_begin ] --START--
INFO: Run Behavior\ReadHtmlCacheBehavior [ RunTime:0.000533s ]
INFO: [ app_begin ] --END-- [ RunTime:0.000614s ]
NOTIC: [2] session_start(): Cannot send session cookie - headers already sent by (output started at /data/home/qxu2062980122/htdocs/ThinkPHP/Conf/convention.php:1) /data/home/qxu2062980122/htdocs/ThinkPHP/Common/functions.php 第 1263 行.
NOTIC: [2] session_start(): Cannot send session cache limiter - headers already sent (output started at /data/home/qxu2062980122/htdocs/ThinkPHP/Conf/convention.php:1) /data/home/qxu2062980122/htdocs/ThinkPHP/Common/functions.php 第 1263 行.
SQL: SHOW COLUMNS FROM `wx_cur_wechat` [ RunTime:0.0013s ]
SQL: SELECT * FROM `wx_cur_wechat` WHERE ( 1 = 1 ) LIMIT 1   [ RunTime:0.0007s ]
ERR: o94P_s9yLSc4GYSPPeEkW9EinOKs
SQL: SHOW COLUMNS FROM `wx_wechat` [ RunTime:0.0011s ]
SQL: SELECT * FROM `wx_wechat` WHERE `token` = 'gh_0cd081a29ac3' LIMIT 1   [ RunTime:0.0007s ]
SQL: SHOW COLUMNS FROM `wx_access_token` [ RunTime:0.0011s ]
SQL: SELECT * FROM `wx_access_token` WHERE `token` = 'gh_0cd081a29ac3' LIMIT 1   [ RunTime:0.0007s ]
SQL: SHOW COLUMNS FROM `ws_page` [ RunTime:0.0016s ]
SQL: SELECT * FROM `ws_page` WHERE ( id = 49 ) LIMIT 1   [ RunTime:0.0008s ]
SQL: SHOW COLUMNS FROM `ws_zan` [ RunTime:0.0010s ]
SQL: SELECT COUNT(*) AS tp_count FROM `ws_zan` WHERE ( page_id = 49 ) LIMIT 1   [ RunTime:0.0007s ]
INFO: [ view_parse ] --START--
INFO: [ template_filter ] --START--
INFO: Run Behavior\ContentReplaceBehavior [ RunTime:0.000074s ]
INFO: [ template_filter ] --END-- [ RunTime:0.000172s ]
NOTIC: [8] Undefined variable: url /data/home/qxu2062980122/htdocs/Application/Runtime/Cache/WeSite/4cd85e42ba2781c6cce2bc2cc3f94d71.php 第 40 行.
NOTIC: [8] Undefined variable: url /data/home/qxu2062980122/htdocs/Application/Runtime/Cache/WeSite/4cd85e42ba2781c6cce2bc2cc3f94d71.php 第 53 行.
INFO: Run Behavior\ParseTemplateBehavior [ RunTime:0.009121s ]
INFO: [ view_parse ] --END-- [ RunTime:0.009202s ]
INFO: [ view_filter ] --START--
INFO: Run Behavior\WriteHtmlCacheBehavior [ RunTime:0.000299s ]
INFO: [ view_filter ] --END-- [ RunTime:0.000348s ]
NOTIC: [2] Cannot modify header information - headers already sent by (output started at /data/home/qxu2062980122/htdocs/ThinkPHP/Conf/convention.php:1) /data/home/qxu2062980122/htdocs/ThinkPHP/Library/Think/View.class.php 第 91 行.
NOTIC: [2] Cannot modify header information - headers already sent by (output started at /data/home/qxu2062980122/htdocs/ThinkPHP/Conf/convention.php:1) /data/home/qxu2062980122/htdocs/ThinkPHP/Library/Think/View.class.php 第 92 行.
NOTIC: [2] Cannot modify header information - headers already sent by (output started at /data/home/qxu2062980122/htdocs/ThinkPHP/Conf/convention.php:1) /data/home/qxu2062980122/htdocs/ThinkPHP/Library/Think/View.class.php 第 93 行.
INFO: [ app_end ] --START--
INFO: Run Behavior\ShowPageTraceBehavior [ RunTime:0.000587s ]
INFO: [ app_end ] --END-- [ RunTime:0.000666s ]

[ 2016-06-03T12:34:13+08:00 ] 221.224.51.250 /index.php/WeSite/Register/index
INFO: [ app_init ] --START--
INFO: Run Behavior\BuildLiteBehavior [ RunTime:0.000026s ]
INFO: [ app_init ] --END-- [ RunTime:0.000503s ]
INFO: [ app_begin ] --START--
INFO: Run Behavior\ReadHtmlCacheBehavior [ RunTime:0.000624s ]
INFO: [ app_begin ] --END-- [ RunTime:0.000703s ]
NOTIC: [2] session_start(): Cannot send session cookie - headers already sent by (output started at /data/home/qxu2062980122/htdocs/ThinkPHP/Conf/convention.php:1) /data/home/qxu2062980122/htdocs/ThinkPHP/Common/functions.php 第 1263 行.
NOTIC: [2] session_start(): Cannot send session cache limiter - headers already sent (output started at /data/home/qxu2062980122/htdocs/ThinkPHP/Conf/convention.php:1) /data/home/qxu2062980122/htdocs/ThinkPHP/Common/functions.php 第 1263 行.
SQL: SHOW COLUMNS FROM `wx_cur_wechat` [ RunTime:0.0012s ]
SQL: SELECT * FROM `wx_cur_wechat` WHERE ( 1 = 1 ) LIMIT 1   [ RunTime:0.0006s ]
SQL: SHOW COLUMNS FROM `wx_wechat` [ RunTime:0.0010s ]
SQL: SELECT * FROM `wx_wechat` WHERE `token` = 'gh_0cd081a29ac3' LIMIT 1   [ RunTime:0.0007s ]

[ 2016-06-03T12:34:14+08:00 ] 221.224.51.250 /index.php/WeSite/Register/index?t=1464928453&getOpenId=1&code=021lUAhx0kYF1m1jzRjx0eVuhx0lUAh7&state=STATE
INFO: [ app_init ] --START--
INFO: Run Behavior\BuildLiteBehavior [ RunTime:0.000022s ]
INFO: [ app_init ] --END-- [ RunTime:0.000421s ]
INFO: [ app_begin ] --START--
INFO: Run Behavior\ReadHtmlCacheBehavior [ RunTime:0.000547s ]
INFO: [ app_begin ] --END-- [ RunTime:0.000619s ]
NOTIC: [2] session_start(): Cannot send session cookie - headers already sent by (output started at /data/home/qxu2062980122/htdocs/ThinkPHP/Conf/convention.php:1) /data/home/qxu2062980122/htdocs/ThinkPHP/Common/functions.php 第 1263 行.
NOTIC: [2] session_start(): Cannot send session cache limiter - headers already sent (output started at /data/home/qxu2062980122/htdocs/ThinkPHP/Conf/convention.php:1) /data/home/qxu2062980122/htdocs/ThinkPHP/Common/functions.php 第 1263 行.
SQL: SHOW COLUMNS FROM `wx_cur_wechat` [ RunTime:0.0037s ]
SQL: SELECT * FROM `wx_cur_wechat` WHERE ( 1 = 1 ) LIMIT 1   [ RunTime:0.0026s ]
SQL: SHOW COLUMNS FROM `wx_wechat` [ RunTime:0.0015s ]
SQL: SELECT * FROM `wx_wechat` WHERE `token` = 'gh_0cd081a29ac3' LIMIT 1   [ RunTime:0.0008s ]
SQL: SHOW COLUMNS FROM `wx_member` [ RunTime:0.0015s ]
SQL: SELECT * FROM `wx_member` WHERE ( openid = 'o94P_s3ooAVF0F65h8lUDxh7NvW0' ) LIMIT 1   [ RunTime:0.0010s ]
SQL: INSERT INTO `wx_member` (`token`,`openid`,`nickname`,`headimgurl`) VALUES ('gh_0cd081a29ac3','o94P_s3ooAVF0F65h8lUDxh7NvW0','鱼豆','http://wx.qlogo.cn/mmopen/nFumtDLn9icTuvGPE69At0JdKjsiajKMh3icagOmwNFVk5VUds51pfu6Kk7ExAuTmz7EO22ltPgkibbWwvI8xUlXWavgMarUXPoK/0') [ RunTime:0.0009s ]
ERR: o94P_s3ooAVF0F65h8lUDxh7NvW0
INFO: [ view_parse ] --START--
INFO: [ template_filter ] --START--
INFO: Run Behavior\ContentReplaceBehavior [ RunTime:0.000158s ]
INFO: [ template_filter ] --END-- [ RunTime:0.000262s ]
INFO: Run Behavior\ParseTemplateBehavior [ RunTime:0.012361s ]
INFO: [ view_parse ] --END-- [ RunTime:0.012433s ]
INFO: [ view_filter ] --START--
INFO: Run Behavior\WriteHtmlCacheBehavior [ RunTime:0.000288s ]
INFO: [ view_filter ] --END-- [ RunTime:0.000336s ]
NOTIC: [2] Cannot modify header information - headers already sent by (output started at /data/home/qxu2062980122/htdocs/ThinkPHP/Conf/convention.php:1) /data/home/qxu2062980122/htdocs/ThinkPHP/Library/Think/View.class.php 第 91 行.
NOTIC: [2] Cannot modify header information - headers already sent by (output started at /data/home/qxu2062980122/htdocs/ThinkPHP/Conf/convention.php:1) /data/home/qxu2062980122/htdocs/ThinkPHP/Library/Think/View.class.php 第 92 行.
NOTIC: [2] Cannot modify header information - headers already sent by (output started at /data/home/qxu2062980122/htdocs/ThinkPHP/Conf/convention.php:1) /data/home/qxu2062980122/htdocs/ThinkPHP/Library/Think/View.class.php 第 93 行.
INFO: [ app_end ] --START--
INFO: Run Behavior\ShowPageTraceBehavior [ RunTime:0.000684s ]
INFO: [ app_end ] --END-- [ RunTime:0.000743s ]

[ 2016-06-03T12:34:39+08:00 ] 221.224.51.250 /index.php/WeSite/Register/upload_pic_img_front
INFO: [ app_init ] --START--
INFO: Run Behavior\BuildLiteBehavior [ RunTime:0.000027s ]
INFO: [ app_init ] --END-- [ RunTime:0.000516s ]
INFO: [ app_begin ] --START--
INFO: Run Behavior\ReadHtmlCacheBehavior [ RunTime:0.000602s ]
INFO: [ app_begin ] --END-- [ RunTime:0.000681s ]
NOTIC: [2] session_start(): Cannot send session cookie - headers already sent by (output started at /data/home/qxu2062980122/htdocs/ThinkPHP/Conf/convention.php:1) /data/home/qxu2062980122/htdocs/ThinkPHP/Common/functions.php 第 1263 行.
NOTIC: [2] session_start(): Cannot send session cache limiter - headers already sent (output started at /data/home/qxu2062980122/htdocs/ThinkPHP/Conf/convention.php:1) /data/home/qxu2062980122/htdocs/ThinkPHP/Common/functions.php 第 1263 行.
NOTIC: [8] Undefined variable: _zh /data/home/qxu2062980122/htdocs/Application/WeSite/Controller/RegisterController.class.php 第 76 行.
NOTIC: [8] Undefined variable: _zh /data/home/qxu2062980122/htdocs/Application/WeSite/Controller/RegisterController.class.php 第 76 行.
INFO: [ app_end ] --START--
INFO: Run Behavior\ShowPageTraceBehavior [ RunTime:0.000625s ]
INFO: [ app_end ] --END-- [ RunTime:0.000734s ]

[ 2016-06-03T12:35:22+08:00 ] 221.224.51.250 /index.php/WeSite/Register/upload_pic_img_1
INFO: [ app_init ] --START--
INFO: Run Behavior\BuildLiteBehavior [ RunTime:0.000024s ]
INFO: [ app_init ] --END-- [ RunTime:0.000429s ]
INFO: [ app_begin ] --START--
INFO: Run Behavior\ReadHtmlCacheBehavior [ RunTime:0.000643s ]
INFO: [ app_begin ] --END-- [ RunTime:0.000775s ]
NOTIC: [2] session_start(): Cannot send session cookie - headers already sent by (output started at /data/home/qxu2062980122/htdocs/ThinkPHP/Conf/convention.php:1) /data/home/qxu2062980122/htdocs/ThinkPHP/Common/functions.php 第 1263 行.
NOTIC: [2] session_start(): Cannot send session cache limiter - headers already sent (output started at /data/home/qxu2062980122/htdocs/ThinkPHP/Conf/convention.php:1) /data/home/qxu2062980122/htdocs/ThinkPHP/Common/functions.php 第 1263 行.
NOTIC: [8] Undefined variable: _zw /data/home/qxu2062980122/htdocs/Application/WeSite/Controller/RegisterController.class.php 第 76 行.
NOTIC: [8] Undefined variable: _zw /data/home/qxu2062980122/htdocs/Application/WeSite/Controller/RegisterController.class.php 第 76 行.
INFO: [ app_end ] --START--
INFO: Run Behavior\ShowPageTraceBehavior [ RunTime:0.000636s ]
INFO: [ app_end ] --END-- [ RunTime:0.000746s ]

[ 2016-06-03T12:35:22+08:00 ] 221.224.51.250 /index.php/WeSite/Register/submit
INFO: [ app_init ] --START--
INFO: Run Behavior\BuildLiteBehavior [ RunTime:0.000023s ]
INFO: [ app_init ] --END-- [ RunTime:0.000439s ]
INFO: [ app_begin ] --START--
INFO: Run Behavior\ReadHtmlCacheBehavior [ RunTime:0.000505s ]
INFO: [ app_begin ] --END-- [ RunTime:0.000572s ]
NOTIC: [2] session_start(): Cannot send session cookie - headers already sent by (output started at /data/home/qxu2062980122/htdocs/ThinkPHP/Conf/convention.php:1) /data/home/qxu2062980122/htdocs/ThinkPHP/Common/functions.php 第 1263 行.
NOTIC: [2] session_start(): Cannot send session cache limiter - headers already sent (output started at /data/home/qxu2062980122/htdocs/ThinkPHP/Conf/convention.php:1) /data/home/qxu2062980122/htdocs/ThinkPHP/Common/functions.php 第 1263 行.
ERR: 
SQL: SHOW COLUMNS FROM `wx_wechat` [ RunTime:0.0014s ]
SQL: SELECT * FROM `wx_wechat` WHERE `token` = -1 LIMIT 1   [ RunTime:0.0008s ]

[ 2016-06-03T12:39:42+08:00 ] 221.224.51.250 /index.php/WeSite/Register/index?t=1464928453&getOpenId=1&code=021lUAhx0kYF1m1jzRjx0eVuhx0lUAh7&state=STATE
INFO: [ app_init ] --START--
INFO: Run Behavior\BuildLiteBehavior [ RunTime:0.000048s ]
INFO: [ app_init ] --END-- [ RunTime:0.000460s ]
INFO: [ app_begin ] --START--
INFO: Run Behavior\ReadHtmlCacheBehavior [ RunTime:0.000492s ]
INFO: [ app_begin ] --END-- [ RunTime:0.000560s ]
NOTIC: [2] session_start(): Cannot send session cookie - headers already sent by (output started at /data/home/qxu2062980122/htdocs/ThinkPHP/Conf/convention.php:1) /data/home/qxu2062980122/htdocs/ThinkPHP/Common/functions.php 第 1263 行.
NOTIC: [2] session_start(): Cannot send session cache limiter - headers already sent (output started at /data/home/qxu2062980122/htdocs/ThinkPHP/Conf/convention.php:1) /data/home/qxu2062980122/htdocs/ThinkPHP/Common/functions.php 第 1263 行.
SQL: SHOW COLUMNS FROM `wx_cur_wechat` [ RunTime:0.0009s ]
SQL: SELECT * FROM `wx_cur_wechat` WHERE ( 1 = 1 ) LIMIT 1   [ RunTime:0.0006s ]
SQL: SHOW COLUMNS FROM `wx_wechat` [ RunTime:0.0012s ]
SQL: SELECT * FROM `wx_wechat` WHERE `token` = 'gh_0cd081a29ac3' LIMIT 1   [ RunTime:0.0006s ]
NOTIC: [8] Undefined index: access_token /data/home/qxu2062980122/htdocs/Application/WeSite/Controller/RegisterController.class.php 第 28 行.
NOTIC: [8] Undefined index: openid /data/home/qxu2062980122/htdocs/Application/WeSite/Controller/RegisterController.class.php 第 28 行.
NOTIC: [8] Undefined index: openid /data/home/qxu2062980122/htdocs/Application/WeSite/Controller/RegisterController.class.php 第 31 行.
SQL: SHOW COLUMNS FROM `wx_member` [ RunTime:0.0013s ]
SQL: SELECT * FROM `wx_member` WHERE ( openid = '%s' ) LIMIT 1   [ RunTime:0.0008s ]
NOTIC: [8] Undefined index: nickname /data/home/qxu2062980122/htdocs/Application/WeSite/Controller/RegisterController.class.php 第 36 行.
NOTIC: [8] Undefined index: headimgurl /data/home/qxu2062980122/htdocs/Application/WeSite/Controller/RegisterController.class.php 第 37 行.
ERR: 1048:Column 'openid' cannot be null
 [ SQL语句 ] : INSERT INTO `wx_member` (`token`,`openid`,`nickname`,`headimgurl`) VALUES ('gh_0cd081a29ac3',NULL,NULL,NULL)
ERR: 1048:Column 'openid' cannot be null
 [ SQL语句 ] : INSERT INTO `wx_member` (`token`,`openid`,`nickname`,`headimgurl`) VALUES ('gh_0cd081a29ac3',NULL,NULL,NULL)
NOTIC: [2] Cannot modify header information - headers already sent by (output started at /data/home/qxu2062980122/htdocs/ThinkPHP/Conf/convention.php:1) /data/home/qxu2062980122/htdocs/ThinkPHP/Library/Think/Think.class.php 第 229 行.
NOTIC: [2] Cannot modify header information - headers already sent by (output started at /data/home/qxu2062980122/htdocs/ThinkPHP/Conf/convention.php:1) /data/home/qxu2062980122/htdocs/ThinkPHP/Library/Think/Think.class.php 第 230 行.

[ 2016-06-03T12:39:44+08:00 ] 221.224.51.250 /index.php/WeSite/Register/index
INFO: [ app_init ] --START--
INFO: Run Behavior\BuildLiteBehavior [ RunTime:0.000027s ]
INFO: [ app_init ] --END-- [ RunTime:0.000453s ]
INFO: [ app_begin ] --START--
INFO: Run Behavior\ReadHtmlCacheBehavior [ RunTime:0.000536s ]
INFO: [ app_begin ] --END-- [ RunTime:0.000612s ]
NOTIC: [2] session_start(): Cannot send session cookie - headers already sent by (output started at /data/home/qxu2062980122/htdocs/ThinkPHP/Conf/convention.php:1) /data/home/qxu2062980122/htdocs/ThinkPHP/Common/functions.php 第 1263 行.
NOTIC: [2] session_start(): Cannot send session cache limiter - headers already sent (output started at /data/home/qxu2062980122/htdocs/ThinkPHP/Conf/convention.php:1) /data/home/qxu2062980122/htdocs/ThinkPHP/Common/functions.php 第 1263 行.
SQL: SHOW COLUMNS FROM `wx_cur_wechat` [ RunTime:0.0013s ]
SQL: SELECT * FROM `wx_cur_wechat` WHERE ( 1 = 1 ) LIMIT 1   [ RunTime:0.0007s ]
SQL: SHOW COLUMNS FROM `wx_wechat` [ RunTime:0.0011s ]
SQL: SELECT * FROM `wx_wechat` WHERE `token` = 'gh_0cd081a29ac3' LIMIT 1   [ RunTime:0.0008s ]

[ 2016-06-03T12:39:45+08:00 ] 221.224.51.250 /index.php/WeSite/Register/index?t=1464928784&getOpenId=1&code=041REopP1bfSPX09GBsP1ytopP1REopv&state=STATE
INFO: [ app_init ] --START--
INFO: Run Behavior\BuildLiteBehavior [ RunTime:0.000024s ]
INFO: [ app_init ] --END-- [ RunTime:0.000451s ]
INFO: [ app_begin ] --START--
INFO: Run Behavior\ReadHtmlCacheBehavior [ RunTime:0.000532s ]
INFO: [ app_begin ] --END-- [ RunTime:0.000602s ]
NOTIC: [2] session_start(): Cannot send session cookie - headers already sent by (output started at /data/home/qxu2062980122/htdocs/ThinkPHP/Conf/convention.php:1) /data/home/qxu2062980122/htdocs/ThinkPHP/Common/functions.php 第 1263 行.
NOTIC: [2] session_start(): Cannot send session cache limiter - headers already sent (output started at /data/home/qxu2062980122/htdocs/ThinkPHP/Conf/convention.php:1) /data/home/qxu2062980122/htdocs/ThinkPHP/Common/functions.php 第 1263 行.
SQL: SHOW COLUMNS FROM `wx_cur_wechat` [ RunTime:0.0012s ]
SQL: SELECT * FROM `wx_cur_wechat` WHERE ( 1 = 1 ) LIMIT 1   [ RunTime:0.0006s ]
SQL: SHOW COLUMNS FROM `wx_wechat` [ RunTime:0.0010s ]
SQL: SELECT * FROM `wx_wechat` WHERE `token` = 'gh_0cd081a29ac3' LIMIT 1   [ RunTime:0.0007s ]
SQL: SHOW COLUMNS FROM `wx_member` [ RunTime:0.0014s ]
SQL: SELECT * FROM `wx_member` WHERE ( openid = 'o94P_s3ooAVF0F65h8lUDxh7NvW0' ) LIMIT 1   [ RunTime:0.0008s ]
SQL: UPDATE `wx_member` SET `nickname`='鱼豆',`headimgurl`='http://wx.qlogo.cn/mmopen/nFumtDLn9icTuvGPE69At0JdKjsiajKMh3icagOmwNFVk5VUds51pfu6Kk7ExAuTmz7EO22ltPgkibbWwvI8xUlXWavgMarUXPoK/0' WHERE ( openid = 'o94P_s3ooAVF0F65h8lUDxh7NvW0' ) [ RunTime:0.0007s ]
ERR: o94P_s3ooAVF0F65h8lUDxh7NvW0
INFO: [ view_parse ] --START--
INFO: [ template_filter ] --START--
INFO: Run Behavior\ContentReplaceBehavior [ RunTime:0.000154s ]
INFO: [ template_filter ] --END-- [ RunTime:0.000248s ]
INFO: Run Behavior\ParseTemplateBehavior [ RunTime:0.009938s ]
INFO: [ view_parse ] --END-- [ RunTime:0.010009s ]
INFO: [ view_filter ] --START--
INFO: Run Behavior\WriteHtmlCacheBehavior [ RunTime:0.000288s ]
INFO: [ view_filter ] --END-- [ RunTime:0.000335s ]
NOTIC: [2] Cannot modify header information - headers already sent by (output started at /data/home/qxu2062980122/htdocs/ThinkPHP/Conf/convention.php:1) /data/home/qxu2062980122/htdocs/ThinkPHP/Library/Think/View.class.php 第 91 行.
NOTIC: [2] Cannot modify header information - headers already sent by (output started at /data/home/qxu2062980122/htdocs/ThinkPHP/Conf/convention.php:1) /data/home/qxu2062980122/htdocs/ThinkPHP/Library/Think/View.class.php 第 92 行.
NOTIC: [2] Cannot modify header information - headers already sent by (output started at /data/home/qxu2062980122/htdocs/ThinkPHP/Conf/convention.php:1) /data/home/qxu2062980122/htdocs/ThinkPHP/Library/Think/View.class.php 第 93 行.
INFO: [ app_end ] --START--
INFO: Run Behavior\ShowPageTraceBehavior [ RunTime:0.000546s ]
INFO: [ app_end ] --END-- [ RunTime:0.000608s ]

[ 2016-06-03T12:39:46+08:00 ] 221.224.51.250 /index.php/WeSite/Register/index
INFO: [ app_init ] --START--
INFO: Run Behavior\BuildLiteBehavior [ RunTime:0.000026s ]
INFO: [ app_init ] --END-- [ RunTime:0.000436s ]
INFO: [ app_begin ] --START--
INFO: Run Behavior\ReadHtmlCacheBehavior [ RunTime:0.000532s ]
INFO: [ app_begin ] --END-- [ RunTime:0.000604s ]
NOTIC: [2] session_start(): Cannot send session cookie - headers already sent by (output started at /data/home/qxu2062980122/htdocs/ThinkPHP/Conf/convention.php:1) /data/home/qxu2062980122/htdocs/ThinkPHP/Common/functions.php 第 1263 行.
NOTIC: [2] session_start(): Cannot send session cache limiter - headers already sent (output started at /data/home/qxu2062980122/htdocs/ThinkPHP/Conf/convention.php:1) /data/home/qxu2062980122/htdocs/ThinkPHP/Common/functions.php 第 1263 行.
SQL: SHOW COLUMNS FROM `wx_cur_wechat` [ RunTime:0.0013s ]
SQL: SELECT * FROM `wx_cur_wechat` WHERE ( 1 = 1 ) LIMIT 1   [ RunTime:0.0007s ]
SQL: SHOW COLUMNS FROM `wx_wechat` [ RunTime:0.0010s ]
SQL: SELECT * FROM `wx_wechat` WHERE `token` = 'gh_0cd081a29ac3' LIMIT 1   [ RunTime:0.0007s ]

[ 2016-06-03T12:39:46+08:00 ] 221.224.51.250 /index.php/WeSite/Register/index?t=1464928786&getOpenId=1&code=031bYBx31PruV12UGzy31fhDx31bYBxX&state=STATE
INFO: [ app_init ] --START--
INFO: Run Behavior\BuildLiteBehavior [ RunTime:0.000027s ]
INFO: [ app_init ] --END-- [ RunTime:0.000478s ]
INFO: [ app_begin ] --START--
INFO: Run Behavior\ReadHtmlCacheBehavior [ RunTime:0.000523s ]
INFO: [ app_begin ] --END-- [ RunTime:0.000591s ]
NOTIC: [2] session_start(): Cannot send session cookie - headers already sent by (output started at /data/home/qxu2062980122/htdocs/ThinkPHP/Conf/convention.php:1) /data/home/qxu2062980122/htdocs/ThinkPHP/Common/functions.php 第 1263 行.
NOTIC: [2] session_start(): Cannot send session cache limiter - headers already sent (output started at /data/home/qxu2062980122/htdocs/ThinkPHP/Conf/convention.php:1) /data/home/qxu2062980122/htdocs/ThinkPHP/Common/functions.php 第 1263 行.
SQL: SHOW COLUMNS FROM `wx_cur_wechat` [ RunTime:0.0014s ]
SQL: SELECT * FROM `wx_cur_wechat` WHERE ( 1 = 1 ) LIMIT 1   [ RunTime:0.0008s ]
SQL: SHOW COLUMNS FROM `wx_wechat` [ RunTime:0.0012s ]
SQL: SELECT * FROM `wx_wechat` WHERE `token` = 'gh_0cd081a29ac3' LIMIT 1   [ RunTime:0.0008s ]
SQL: SHOW COLUMNS FROM `wx_member` [ RunTime:0.0017s ]
SQL: SELECT * FROM `wx_member` WHERE ( openid = 'o94P_s3ooAVF0F65h8lUDxh7NvW0' ) LIMIT 1   [ RunTime:0.0008s ]
SQL: UPDATE `wx_member` SET `nickname`='鱼豆',`headimgurl`='http://wx.qlogo.cn/mmopen/nFumtDLn9icTuvGPE69At0JdKjsiajKMh3icagOmwNFVk5VUds51pfu6Kk7ExAuTmz7EO22ltPgkibbWwvI8xUlXWavgMarUXPoK/0' WHERE ( openid = 'o94P_s3ooAVF0F65h8lUDxh7NvW0' ) [ RunTime:0.0009s ]
ERR: o94P_s3ooAVF0F65h8lUDxh7NvW0
INFO: [ view_parse ] --START--
INFO: [ template_filter ] --START--
INFO: Run Behavior\ContentReplaceBehavior [ RunTime:0.000174s ]
INFO: [ template_filter ] --END-- [ RunTime:0.000288s ]
INFO: Run Behavior\ParseTemplateBehavior [ RunTime:0.026328s ]
INFO: [ view_parse ] --END-- [ RunTime:0.026439s ]
INFO: [ view_filter ] --START--
INFO: Run Behavior\WriteHtmlCacheBehavior [ RunTime:0.000341s ]
INFO: [ view_filter ] --END-- [ RunTime:0.000420s ]
NOTIC: [2] Cannot modify header information - headers already sent by (output started at /data/home/qxu2062980122/htdocs/ThinkPHP/Conf/convention.php:1) /data/home/qxu2062980122/htdocs/ThinkPHP/Library/Think/View.class.php 第 91 行.
NOTIC: [2] Cannot modify header information - headers already sent by (output started at /data/home/qxu2062980122/htdocs/ThinkPHP/Conf/convention.php:1) /data/home/qxu2062980122/htdocs/ThinkPHP/Library/Think/View.class.php 第 92 行.
NOTIC: [2] Cannot modify header information - headers already sent by (output started at /data/home/qxu2062980122/htdocs/ThinkPHP/Conf/convention.php:1) /data/home/qxu2062980122/htdocs/ThinkPHP/Library/Think/View.class.php 第 93 行.
INFO: [ app_end ] --START--
INFO: Run Behavior\ShowPageTraceBehavior [ RunTime:0.000561s ]
INFO: [ app_end ] --END-- [ RunTime:0.000624s ]

[ 2016-06-03T12:39:48+08:00 ] 221.224.51.250 /index.php/WeSite/Register/index
INFO: [ app_init ] --START--
INFO: Run Behavior\BuildLiteBehavior [ RunTime:0.000028s ]
INFO: [ app_init ] --END-- [ RunTime:0.000486s ]
INFO: [ app_begin ] --START--
INFO: Run Behavior\ReadHtmlCacheBehavior [ RunTime:0.000544s ]
INFO: [ app_begin ] --END-- [ RunTime:0.000615s ]
NOTIC: [2] session_start(): Cannot send session cookie - headers already sent by (output started at /data/home/qxu2062980122/htdocs/ThinkPHP/Conf/convention.php:1) /data/home/qxu2062980122/htdocs/ThinkPHP/Common/functions.php 第 1263 行.
NOTIC: [2] session_start(): Cannot send session cache limiter - headers already sent (output started at /data/home/qxu2062980122/htdocs/ThinkPHP/Conf/convention.php:1) /data/home/qxu2062980122/htdocs/ThinkPHP/Common/functions.php 第 1263 行.
SQL: SHOW COLUMNS FROM `wx_cur_wechat` [ RunTime:0.0012s ]
SQL: SELECT * FROM `wx_cur_wechat` WHERE ( 1 = 1 ) LIMIT 1   [ RunTime:0.0006s ]
SQL: SHOW COLUMNS FROM `wx_wechat` [ RunTime:0.0010s ]
SQL: SELECT * FROM `wx_wechat` WHERE `token` = 'gh_0cd081a29ac3' LIMIT 1   [ RunTime:0.0007s ]

[ 2016-06-03T12:39:49+08:00 ] 221.224.51.250 /index.php/WeSite/Register/index?t=1464928788&getOpenId=1&code=011bBbAk0RqCQg1jVXBk0ga6Ak0bBbAz&state=STATE
INFO: [ app_init ] --START--
INFO: Run Behavior\BuildLiteBehavior [ RunTime:0.000026s ]
INFO: [ app_init ] --END-- [ RunTime:0.000437s ]
INFO: [ app_begin ] --START--
INFO: Run Behavior\ReadHtmlCacheBehavior [ RunTime:0.000525s ]
INFO: [ app_begin ] --END-- [ RunTime:0.000595s ]
NOTIC: [2] session_start(): Cannot send session cookie - headers already sent by (output started at /data/home/qxu2062980122/htdocs/ThinkPHP/Conf/convention.php:1) /data/home/qxu2062980122/htdocs/ThinkPHP/Common/functions.php 第 1263 行.
NOTIC: [2] session_start(): Cannot send session cache limiter - headers already sent (output started at /data/home/qxu2062980122/htdocs/ThinkPHP/Conf/convention.php:1) /data/home/qxu2062980122/htdocs/ThinkPHP/Common/functions.php 第 1263 行.
SQL: SHOW COLUMNS FROM `wx_cur_wechat` [ RunTime:0.0013s ]
SQL: SELECT * FROM `wx_cur_wechat` WHERE ( 1 = 1 ) LIMIT 1   [ RunTime:0.0007s ]
SQL: SHOW COLUMNS FROM `wx_wechat` [ RunTime:0.0010s ]
SQL: SELECT * FROM `wx_wechat` WHERE `token` = 'gh_0cd081a29ac3' LIMIT 1   [ RunTime:0.0007s ]
SQL: SHOW COLUMNS FROM `wx_member` [ RunTime:0.0012s ]
SQL: SELECT * FROM `wx_member` WHERE ( openid = 'o94P_s3ooAVF0F65h8lUDxh7NvW0' ) LIMIT 1   [ RunTime:0.0006s ]
SQL: UPDATE `wx_member` SET `nickname`='鱼豆',`headimgurl`='http://wx.qlogo.cn/mmopen/nFumtDLn9icTuvGPE69At0JdKjsiajKMh3icagOmwNFVk5VUds51pfu6Kk7ExAuTmz7EO22ltPgkibbWwvI8xUlXWavgMarUXPoK/0' WHERE ( openid = 'o94P_s3ooAVF0F65h8lUDxh7NvW0' ) [ RunTime:0.0007s ]
ERR: o94P_s3ooAVF0F65h8lUDxh7NvW0
INFO: [ view_parse ] --START--
INFO: [ template_filter ] --START--
INFO: Run Behavior\ContentReplaceBehavior [ RunTime:0.000146s ]
INFO: [ template_filter ] --END-- [ RunTime:0.000233s ]
INFO: Run Behavior\ParseTemplateBehavior [ RunTime:0.009870s ]
INFO: [ view_parse ] --END-- [ RunTime:0.009947s ]
INFO: [ view_filter ] --START--
INFO: Run Behavior\WriteHtmlCacheBehavior [ RunTime:0.000266s ]
INFO: [ view_filter ] --END-- [ RunTime:0.000313s ]
NOTIC: [2] Cannot modify header information - headers already sent by (output started at /data/home/qxu2062980122/htdocs/ThinkPHP/Conf/convention.php:1) /data/home/qxu2062980122/htdocs/ThinkPHP/Library/Think/View.class.php 第 91 行.
NOTIC: [2] Cannot modify header information - headers already sent by (output started at /data/home/qxu2062980122/htdocs/ThinkPHP/Conf/convention.php:1) /data/home/qxu2062980122/htdocs/ThinkPHP/Library/Think/View.class.php 第 92 行.
NOTIC: [2] Cannot modify header information - headers already sent by (output started at /data/home/qxu2062980122/htdocs/ThinkPHP/Conf/convention.php:1) /data/home/qxu2062980122/htdocs/ThinkPHP/Library/Think/View.class.php 第 93 行.
INFO: [ app_end ] --START--
INFO: Run Behavior\ShowPageTraceBehavior [ RunTime:0.000559s ]
INFO: [ app_end ] --END-- [ RunTime:0.000616s ]

[ 2016-06-03T12:39:49+08:00 ] 221.224.51.250 /index.php/WeSite/Register/index
INFO: [ app_init ] --START--
INFO: Run Behavior\BuildLiteBehavior [ RunTime:0.000025s ]
INFO: [ app_init ] --END-- [ RunTime:0.000434s ]
INFO: [ app_begin ] --START--
INFO: Run Behavior\ReadHtmlCacheBehavior [ RunTime:0.000531s ]
INFO: [ app_begin ] --END-- [ RunTime:0.000599s ]
NOTIC: [2] session_start(): Cannot send session cookie - headers already sent by (output started at /data/home/qxu2062980122/htdocs/ThinkPHP/Conf/convention.php:1) /data/home/qxu2062980122/htdocs/ThinkPHP/Common/functions.php 第 1263 行.
NOTIC: [2] session_start(): Cannot send session cache limiter - headers already sent (output started at /data/home/qxu2062980122/htdocs/ThinkPHP/Conf/convention.php:1) /data/home/qxu2062980122/htdocs/ThinkPHP/Common/functions.php 第 1263 行.
SQL: SHOW COLUMNS FROM `wx_cur_wechat` [ RunTime:0.0013s ]
SQL: SELECT * FROM `wx_cur_wechat` WHERE ( 1 = 1 ) LIMIT 1   [ RunTime:0.0007s ]
SQL: SHOW COLUMNS FROM `wx_wechat` [ RunTime:0.0010s ]
SQL: SELECT * FROM `wx_wechat` WHERE `token` = 'gh_0cd081a29ac3' LIMIT 1   [ RunTime:0.0008s ]

[ 2016-06-03T12:39:50+08:00 ] 221.224.51.250 /index.php/WeSite/Register/index?t=1464928789&getOpenId=1&code=0319B1cy1qwtr405Inby1KG1cy19B1cO&state=STATE
INFO: [ app_init ] --START--
INFO: Run Behavior\BuildLiteBehavior [ RunTime:0.000026s ]
INFO: [ app_init ] --END-- [ RunTime:0.000445s ]
INFO: [ app_begin ] --START--
INFO: Run Behavior\ReadHtmlCacheBehavior [ RunTime:0.000513s ]
INFO: [ app_begin ] --END-- [ RunTime:0.000608s ]
NOTIC: [2] session_start(): Cannot send session cookie - headers already sent by (output started at /data/home/qxu2062980122/htdocs/ThinkPHP/Conf/convention.php:1) /data/home/qxu2062980122/htdocs/ThinkPHP/Common/functions.php 第 1263 行.
NOTIC: [2] session_start(): Cannot send session cache limiter - headers already sent (output started at /data/home/qxu2062980122/htdocs/ThinkPHP/Conf/convention.php:1) /data/home/qxu2062980122/htdocs/ThinkPHP/Common/functions.php 第 1263 行.
SQL: SHOW COLUMNS FROM `wx_cur_wechat` [ RunTime:0.0014s ]
SQL: SELECT * FROM `wx_cur_wechat` WHERE ( 1 = 1 ) LIMIT 1   [ RunTime:0.0007s ]
SQL: SHOW COLUMNS FROM `wx_wechat` [ RunTime:0.0032s ]
SQL: SELECT * FROM `wx_wechat` WHERE `token` = 'gh_0cd081a29ac3' LIMIT 1   [ RunTime:0.0008s ]
SQL: SHOW COLUMNS FROM `wx_member` [ RunTime:0.0014s ]
SQL: SELECT * FROM `wx_member` WHERE ( openid = 'o94P_s3ooAVF0F65h8lUDxh7NvW0' ) LIMIT 1   [ RunTime:0.0007s ]
SQL: UPDATE `wx_member` SET `nickname`='鱼豆',`headimgurl`='http://wx.qlogo.cn/mmopen/nFumtDLn9icTuvGPE69At0JdKjsiajKMh3icagOmwNFVk5VUds51pfu6Kk7ExAuTmz7EO22ltPgkibbWwvI8xUlXWavgMarUXPoK/0' WHERE ( openid = 'o94P_s3ooAVF0F65h8lUDxh7NvW0' ) [ RunTime:0.0008s ]
ERR: o94P_s3ooAVF0F65h8lUDxh7NvW0
INFO: [ view_parse ] --START--
INFO: [ template_filter ] --START--
INFO: Run Behavior\ContentReplaceBehavior [ RunTime:0.000199s ]
INFO: [ template_filter ] --END-- [ RunTime:0.000307s ]
INFO: Run Behavior\ParseTemplateBehavior [ RunTime:0.010157s ]
INFO: [ view_parse ] --END-- [ RunTime:0.010230s ]
INFO: [ view_filter ] --START--
INFO: Run Behavior\WriteHtmlCacheBehavior [ RunTime:0.000289s ]
INFO: [ view_filter ] --END-- [ RunTime:0.000339s ]
NOTIC: [2] Cannot modify header information - headers already sent by (output started at /data/home/qxu2062980122/htdocs/ThinkPHP/Conf/convention.php:1) /data/home/qxu2062980122/htdocs/ThinkPHP/Library/Think/View.class.php 第 91 行.
NOTIC: [2] Cannot modify header information - headers already sent by (output started at /data/home/qxu2062980122/htdocs/ThinkPHP/Conf/convention.php:1) /data/home/qxu2062980122/htdocs/ThinkPHP/Library/Think/View.class.php 第 92 行.
NOTIC: [2] Cannot modify header information - headers already sent by (output started at /data/home/qxu2062980122/htdocs/ThinkPHP/Conf/convention.php:1) /data/home/qxu2062980122/htdocs/ThinkPHP/Library/Think/View.class.php 第 93 行.
INFO: [ app_end ] --START--
INFO: Run Behavior\ShowPageTraceBehavior [ RunTime:0.000533s ]
INFO: [ app_end ] --END-- [ RunTime:0.000619s ]

[ 2016-06-03T12:39:51+08:00 ] 221.224.51.250 /index.php/WeSite/Register/index
INFO: [ app_init ] --START--
INFO: Run Behavior\BuildLiteBehavior [ RunTime:0.000026s ]
INFO: [ app_init ] --END-- [ RunTime:0.000525s ]
INFO: [ app_begin ] --START--
INFO: Run Behavior\ReadHtmlCacheBehavior [ RunTime:0.000539s ]
INFO: [ app_begin ] --END-- [ RunTime:0.000625s ]
NOTIC: [2] session_start(): Cannot send session cookie - headers already sent by (output started at /data/home/qxu2062980122/htdocs/ThinkPHP/Conf/convention.php:1) /data/home/qxu2062980122/htdocs/ThinkPHP/Common/functions.php 第 1263 行.
NOTIC: [2] session_start(): Cannot send session cache limiter - headers already sent (output started at /data/home/qxu2062980122/htdocs/ThinkPHP/Conf/convention.php:1) /data/home/qxu2062980122/htdocs/ThinkPHP/Common/functions.php 第 1263 行.
SQL: SHOW COLUMNS FROM `wx_cur_wechat` [ RunTime:0.0012s ]
SQL: SELECT * FROM `wx_cur_wechat` WHERE ( 1 = 1 ) LIMIT 1   [ RunTime:0.0007s ]
SQL: SHOW COLUMNS FROM `wx_wechat` [ RunTime:0.0010s ]
SQL: SELECT * FROM `wx_wechat` WHERE `token` = 'gh_0cd081a29ac3' LIMIT 1   [ RunTime:0.0006s ]

[ 2016-06-03T12:39:52+08:00 ] 221.224.51.250 /index.php/WeSite/Register/index?t=1464928791&getOpenId=1&code=0218R1pd0x28aH1lHgld0Hy7pd08R1pY&state=STATE
INFO: [ app_init ] --START--
INFO: Run Behavior\BuildLiteBehavior [ RunTime:0.000028s ]
INFO: [ app_init ] --END-- [ RunTime:0.000481s ]
INFO: [ app_begin ] --START--
INFO: Run Behavior\ReadHtmlCacheBehavior [ RunTime:0.000512s ]
INFO: [ app_begin ] --END-- [ RunTime:0.000584s ]
NOTIC: [2] session_start(): Cannot send session cookie - headers already sent by (output started at /data/home/qxu2062980122/htdocs/ThinkPHP/Conf/convention.php:1) /data/home/qxu2062980122/htdocs/ThinkPHP/Common/functions.php 第 1263 行.
NOTIC: [2] session_start(): Cannot send session cache limiter - headers already sent (output started at /data/home/qxu2062980122/htdocs/ThinkPHP/Conf/convention.php:1) /data/home/qxu2062980122/htdocs/ThinkPHP/Common/functions.php 第 1263 行.
SQL: SHOW COLUMNS FROM `wx_cur_wechat` [ RunTime:0.0012s ]
SQL: SELECT * FROM `wx_cur_wechat` WHERE ( 1 = 1 ) LIMIT 1   [ RunTime:0.0007s ]
SQL: SHOW COLUMNS FROM `wx_wechat` [ RunTime:0.0010s ]
SQL: SELECT * FROM `wx_wechat` WHERE `token` = 'gh_0cd081a29ac3' LIMIT 1   [ RunTime:0.0007s ]
SQL: SHOW COLUMNS FROM `wx_member` [ RunTime:0.0012s ]
SQL: SELECT * FROM `wx_member` WHERE ( openid = 'o94P_s3ooAVF0F65h8lUDxh7NvW0' ) LIMIT 1   [ RunTime:0.0006s ]
SQL: UPDATE `wx_member` SET `nickname`='鱼豆',`headimgurl`='http://wx.qlogo.cn/mmopen/nFumtDLn9icTuvGPE69At0JdKjsiajKMh3icagOmwNFVk5VUds51pfu6Kk7ExAuTmz7EO22ltPgkibbWwvI8xUlXWavgMarUXPoK/0' WHERE ( openid = 'o94P_s3ooAVF0F65h8lUDxh7NvW0' ) [ RunTime:0.0007s ]
ERR: o94P_s3ooAVF0F65h8lUDxh7NvW0
INFO: [ view_parse ] --START--
INFO: [ template_filter ] --START--
INFO: Run Behavior\ContentReplaceBehavior [ RunTime:0.000155s ]
INFO: [ template_filter ] --END-- [ RunTime:0.000280s ]
INFO: Run Behavior\ParseTemplateBehavior [ RunTime:0.011704s ]
INFO: [ view_parse ] --END-- [ RunTime:0.011781s ]
INFO: [ view_filter ] --START--
INFO: Run Behavior\WriteHtmlCacheBehavior [ RunTime:0.000291s ]
INFO: [ view_filter ] --END-- [ RunTime:0.000340s ]
NOTIC: [2] Cannot modify header information - headers already sent by (output started at /data/home/qxu2062980122/htdocs/ThinkPHP/Conf/convention.php:1) /data/home/qxu2062980122/htdocs/ThinkPHP/Library/Think/View.class.php 第 91 行.
NOTIC: [2] Cannot modify header information - headers already sent by (output started at /data/home/qxu2062980122/htdocs/ThinkPHP/Conf/convention.php:1) /data/home/qxu2062980122/htdocs/ThinkPHP/Library/Think/View.class.php 第 92 行.
NOTIC: [2] Cannot modify header information - headers already sent by (output started at /data/home/qxu2062980122/htdocs/ThinkPHP/Conf/convention.php:1) /data/home/qxu2062980122/htdocs/ThinkPHP/Library/Think/View.class.php 第 93 行.
INFO: [ app_end ] --START--
INFO: Run Behavior\ShowPageTraceBehavior [ RunTime:0.000547s ]
INFO: [ app_end ] --END-- [ RunTime:0.000607s ]

