[ 2016-05-24T00:07:11+08:00 ] 123.151.42.47 /index.php/WeSite/Register/index
INFO: [ app_init ] --START--
INFO: Run Behavior\BuildLiteBehavior [ RunTime:0.000027s ]
INFO: [ app_init ] --END-- [ RunTime:0.000440s ]
INFO: [ app_begin ] --START--
INFO: Run Behavior\ReadHtmlCacheBehavior [ RunTime:0.000663s ]
INFO: [ app_begin ] --END-- [ RunTime:0.000787s ]
SQL: SHOW COLUMNS FROM `wx_cur_wechat` [ RunTime:0.0549s ]
SQL: SELECT * FROM `wx_cur_wechat` WHERE ( 1 = 1 ) LIMIT 1   [ RunTime:0.0008s ]
SQL: SHOW COLUMNS FROM `wx_wechat` [ RunTime:0.0013s ]
SQL: SELECT * FROM `wx_wechat` WHERE `token` = 'gh_0cd081a29ac3' LIMIT 1   [ RunTime:0.0008s ]

[ 2016-05-24T00:07:12+08:00 ] 123.151.42.47 /index.php/WeSite/Register/index?t=1464019631&getOpenId=1&code=021wMSA70xvV2v1dmYC70IuSA70wMSA6&state=STATE
INFO: [ app_init ] --START--
INFO: Run Behavior\BuildLiteBehavior [ RunTime:0.000028s ]
INFO: [ app_init ] --END-- [ RunTime:0.000455s ]
INFO: [ app_begin ] --START--
INFO: Run Behavior\ReadHtmlCacheBehavior [ RunTime:0.000542s ]
INFO: [ app_begin ] --END-- [ RunTime:0.000615s ]
SQL: SHOW COLUMNS FROM `wx_cur_wechat` [ RunTime:0.0012s ]
SQL: SELECT * FROM `wx_cur_wechat` WHERE ( 1 = 1 ) LIMIT 1   [ RunTime:0.0006s ]
SQL: SHOW COLUMNS FROM `wx_wechat` [ RunTime:0.0009s ]
SQL: SELECT * FROM `wx_wechat` WHERE `token` = 'gh_0cd081a29ac3' LIMIT 1   [ RunTime:0.0006s ]
SQL: SHOW COLUMNS FROM `wx_member` [ RunTime:0.0017s ]
SQL: SELECT * FROM `wx_member` WHERE ( openid = 'o94P_s--_WuTUMdTeZ5YXG6H3AKM' ) LIMIT 1   [ RunTime:0.0006s ]
SQL: UPDATE `wx_member` SET `nickname`='Space',`headimgurl`='http://wx.qlogo.cn/mmopen/icFTnRoibgibp8bKhs23xezqXE6Ns8LqiahbiazYC0ZU6GMHajZHn4ZJLolFfUPHevXGrVukWh5zQDASBTqN7FjZuoA/0' WHERE ( openid = 'o94P_s--_WuTUMdTeZ5YXG6H3AKM' ) [ RunTime:0.0008s ]
INFO: [ view_parse ] --START--
INFO: [ template_filter ] --START--
INFO: Run Behavior\ContentReplaceBehavior [ RunTime:0.000148s ]
INFO: [ template_filter ] --END-- [ RunTime:0.000227s ]
INFO: Run Behavior\ParseTemplateBehavior [ RunTime:0.009997s ]
INFO: [ view_parse ] --END-- [ RunTime:0.010073s ]
INFO: [ view_filter ] --START--
INFO: Run Behavior\WriteHtmlCacheBehavior [ RunTime:0.000345s ]
INFO: [ view_filter ] --END-- [ RunTime:0.000394s ]
INFO: [ app_end ] --START--
INFO: Run Behavior\ShowPageTraceBehavior [ RunTime:0.000581s ]
INFO: [ app_end ] --END-- [ RunTime:0.000641s ]

[ 2016-05-24T00:09:47+08:00 ] 123.151.42.47 /index.php/WeSite/Register/index
INFO: [ app_init ] --START--
INFO: Run Behavior\BuildLiteBehavior [ RunTime:0.000032s ]
INFO: [ app_init ] --END-- [ RunTime:0.000487s ]
INFO: [ app_begin ] --START--
INFO: Run Behavior\ReadHtmlCacheBehavior [ RunTime:0.000543s ]
INFO: [ app_begin ] --END-- [ RunTime:0.000615s ]
SQL: SHOW COLUMNS FROM `wx_cur_wechat` [ RunTime:0.0015s ]
SQL: SELECT * FROM `wx_cur_wechat` WHERE ( 1 = 1 ) LIMIT 1   [ RunTime:0.0007s ]
SQL: SHOW COLUMNS FROM `wx_wechat` [ RunTime:0.0014s ]
SQL: SELECT * FROM `wx_wechat` WHERE `token` = 'gh_0cd081a29ac3' LIMIT 1   [ RunTime:0.0008s ]

[ 2016-05-24T00:09:48+08:00 ] 123.151.42.47 /index.php/WeSite/Register/index?t=1464019787&getOpenId=1&code=001gVkVH0rdJl52BeHSH0zEiVH0gVkVp&state=STATE
INFO: [ app_init ] --START--
INFO: Run Behavior\BuildLiteBehavior [ RunTime:0.000024s ]
INFO: [ app_init ] --END-- [ RunTime:0.000442s ]
INFO: [ app_begin ] --START--
INFO: Run Behavior\ReadHtmlCacheBehavior [ RunTime:0.000533s ]
INFO: [ app_begin ] --END-- [ RunTime:0.000603s ]
SQL: SHOW COLUMNS FROM `wx_cur_wechat` [ RunTime:0.0020s ]
SQL: SELECT * FROM `wx_cur_wechat` WHERE ( 1 = 1 ) LIMIT 1   [ RunTime:0.0008s ]
SQL: SHOW COLUMNS FROM `wx_wechat` [ RunTime:0.0016s ]
SQL: SELECT * FROM `wx_wechat` WHERE `token` = 'gh_0cd081a29ac3' LIMIT 1   [ RunTime:0.0011s ]
SQL: SHOW COLUMNS FROM `wx_member` [ RunTime:0.0018s ]
SQL: SELECT * FROM `wx_member` WHERE ( openid = 'o94P_s--_WuTUMdTeZ5YXG6H3AKM' ) LIMIT 1   [ RunTime:0.0010s ]
SQL: UPDATE `wx_member` SET `nickname`='Space',`headimgurl`='http://wx.qlogo.cn/mmopen/icFTnRoibgibp8bKhs23xezqXE6Ns8LqiahbiazYC0ZU6GMHajZHn4ZJLolFfUPHevXGrVukWh5zQDASBTqN7FjZuoA/0' WHERE ( openid = 'o94P_s--_WuTUMdTeZ5YXG6H3AKM' ) [ RunTime:0.0010s ]
INFO: [ view_parse ] --START--
INFO: [ template_filter ] --START--
INFO: Run Behavior\ContentReplaceBehavior [ RunTime:0.000174s ]
INFO: [ template_filter ] --END-- [ RunTime:0.000277s ]
INFO: Run Behavior\ParseTemplateBehavior [ RunTime:0.010978s ]
INFO: [ view_parse ] --END-- [ RunTime:0.011089s ]
INFO: [ view_filter ] --START--
INFO: Run Behavior\WriteHtmlCacheBehavior [ RunTime:0.000279s ]
INFO: [ view_filter ] --END-- [ RunTime:0.000352s ]
INFO: [ app_end ] --START--
INFO: Run Behavior\ShowPageTraceBehavior [ RunTime:0.000547s ]
INFO: [ app_end ] --END-- [ RunTime:0.000612s ]

[ 2016-05-24T00:11:22+08:00 ] 123.151.42.47 /index.php/WeSite/Register/index
INFO: [ app_init ] --START--
INFO: Run Behavior\BuildLiteBehavior [ RunTime:0.000027s ]
INFO: [ app_init ] --END-- [ RunTime:0.000424s ]
INFO: [ app_begin ] --START--
INFO: Run Behavior\ReadHtmlCacheBehavior [ RunTime:0.000517s ]
INFO: [ app_begin ] --END-- [ RunTime:0.000587s ]
SQL: SHOW COLUMNS FROM `wx_cur_wechat` [ RunTime:0.0013s ]
SQL: SELECT * FROM `wx_cur_wechat` WHERE ( 1 = 1 ) LIMIT 1   [ RunTime:0.0007s ]
SQL: SHOW COLUMNS FROM `wx_wechat` [ RunTime:0.0011s ]
SQL: SELECT * FROM `wx_wechat` WHERE `token` = 'gh_0cd081a29ac3' LIMIT 1   [ RunTime:0.0007s ]

[ 2016-05-24T00:11:23+08:00 ] 111.161.105.14 /index.php/WeSite/Register/index?t=1464019882&getOpenId=1&code=011tby5b0tcqkJ1RRJ6b0klw5b0tby5o&state=STATE
INFO: [ app_init ] --START--
INFO: Run Behavior\BuildLiteBehavior [ RunTime:0.000026s ]
INFO: [ app_init ] --END-- [ RunTime:0.000464s ]
INFO: [ app_begin ] --START--
INFO: Run Behavior\ReadHtmlCacheBehavior [ RunTime:0.000569s ]
INFO: [ app_begin ] --END-- [ RunTime:0.000640s ]
SQL: SHOW COLUMNS FROM `wx_cur_wechat` [ RunTime:0.0015s ]
SQL: SELECT * FROM `wx_cur_wechat` WHERE ( 1 = 1 ) LIMIT 1   [ RunTime:0.0008s ]
SQL: SHOW COLUMNS FROM `wx_wechat` [ RunTime:0.0011s ]
SQL: SELECT * FROM `wx_wechat` WHERE `token` = 'gh_0cd081a29ac3' LIMIT 1   [ RunTime:0.0009s ]
SQL: SHOW COLUMNS FROM `wx_member` [ RunTime:0.0016s ]
SQL: SELECT * FROM `wx_member` WHERE ( openid = 'o94P_s--_WuTUMdTeZ5YXG6H3AKM' ) LIMIT 1   [ RunTime:0.0008s ]
SQL: UPDATE `wx_member` SET `nickname`='Space',`headimgurl`='http://wx.qlogo.cn/mmopen/icFTnRoibgibp8bKhs23xezqXE6Ns8LqiahbiazYC0ZU6GMHajZHn4ZJLolFfUPHevXGrVukWh5zQDASBTqN7FjZuoA/0' WHERE ( openid = 'o94P_s--_WuTUMdTeZ5YXG6H3AKM' ) [ RunTime:0.0009s ]
INFO: [ view_parse ] --START--
INFO: [ template_filter ] --START--
INFO: Run Behavior\ContentReplaceBehavior [ RunTime:0.000145s ]
INFO: [ template_filter ] --END-- [ RunTime:0.000222s ]
INFO: Run Behavior\ParseTemplateBehavior [ RunTime:0.009659s ]
INFO: [ view_parse ] --END-- [ RunTime:0.009738s ]
INFO: [ view_filter ] --START--
INFO: Run Behavior\WriteHtmlCacheBehavior [ RunTime:0.000310s ]
INFO: [ view_filter ] --END-- [ RunTime:0.000381s ]
INFO: [ app_end ] --START--
INFO: Run Behavior\ShowPageTraceBehavior [ RunTime:0.000547s ]
INFO: [ app_end ] --END-- [ RunTime:0.000639s ]

[ 2016-05-24T00:12:16+08:00 ] 123.151.42.47 /index.php/WeSite/Register/index
INFO: [ app_init ] --START--
INFO: Run Behavior\BuildLiteBehavior [ RunTime:0.000025s ]
INFO: [ app_init ] --END-- [ RunTime:0.000437s ]
INFO: [ app_begin ] --START--
INFO: Run Behavior\ReadHtmlCacheBehavior [ RunTime:0.000525s ]
INFO: [ app_begin ] --END-- [ RunTime:0.000594s ]
SQL: SHOW COLUMNS FROM `wx_cur_wechat` [ RunTime:0.0011s ]
SQL: SELECT * FROM `wx_cur_wechat` WHERE ( 1 = 1 ) LIMIT 1   [ RunTime:0.0006s ]
SQL: SHOW COLUMNS FROM `wx_wechat` [ RunTime:0.0010s ]
SQL: SELECT * FROM `wx_wechat` WHERE `token` = 'gh_0cd081a29ac3' LIMIT 1   [ RunTime:0.0006s ]

[ 2016-05-24T00:12:17+08:00 ] 123.151.42.47 /index.php/WeSite/Register/index?t=1464019936&getOpenId=1&code=001vdFjb06LOwJ1sqyjb0mmJjb0vdFjF&state=STATE
INFO: [ app_init ] --START--
INFO: Run Behavior\BuildLiteBehavior [ RunTime:0.000025s ]
INFO: [ app_init ] --END-- [ RunTime:0.000517s ]
INFO: [ app_begin ] --START--
INFO: Run Behavior\ReadHtmlCacheBehavior [ RunTime:0.000560s ]
INFO: [ app_begin ] --END-- [ RunTime:0.000629s ]
SQL: SHOW COLUMNS FROM `wx_cur_wechat` [ RunTime:0.0011s ]
SQL: SELECT * FROM `wx_cur_wechat` WHERE ( 1 = 1 ) LIMIT 1   [ RunTime:0.0006s ]
SQL: SHOW COLUMNS FROM `wx_wechat` [ RunTime:0.0010s ]
SQL: SELECT * FROM `wx_wechat` WHERE `token` = 'gh_0cd081a29ac3' LIMIT 1   [ RunTime:0.0007s ]
SQL: SHOW COLUMNS FROM `wx_member` [ RunTime:0.0014s ]
SQL: SELECT * FROM `wx_member` WHERE ( openid = 'o94P_s--_WuTUMdTeZ5YXG6H3AKM' ) LIMIT 1   [ RunTime:0.0007s ]
SQL: UPDATE `wx_member` SET `nickname`='Space',`headimgurl`='http://wx.qlogo.cn/mmopen/icFTnRoibgibp8bKhs23xezqXE6Ns8LqiahbiazYC0ZU6GMHajZHn4ZJLolFfUPHevXGrVukWh5zQDASBTqN7FjZuoA/0' WHERE ( openid = 'o94P_s--_WuTUMdTeZ5YXG6H3AKM' ) [ RunTime:0.0007s ]
INFO: [ view_parse ] --START--
INFO: [ template_filter ] --START--
INFO: Run Behavior\ContentReplaceBehavior [ RunTime:0.000165s ]
INFO: [ template_filter ] --END-- [ RunTime:0.000262s ]
INFO: Run Behavior\ParseTemplateBehavior [ RunTime:0.009919s ]
INFO: [ view_parse ] --END-- [ RunTime:0.009999s ]
INFO: [ view_filter ] --START--
INFO: Run Behavior\WriteHtmlCacheBehavior [ RunTime:0.000285s ]
INFO: [ view_filter ] --END-- [ RunTime:0.000334s ]
INFO: [ app_end ] --START--
INFO: Run Behavior\ShowPageTraceBehavior [ RunTime:0.000549s ]
INFO: [ app_end ] --END-- [ RunTime:0.000613s ]

[ 2016-05-24T00:14:44+08:00 ] 123.151.42.47 /index.php/WeSite/Register/index
INFO: [ app_init ] --START--
INFO: Run Behavior\BuildLiteBehavior [ RunTime:0.000025s ]
INFO: [ app_init ] --END-- [ RunTime:0.000420s ]
INFO: [ app_begin ] --START--
INFO: Run Behavior\ReadHtmlCacheBehavior [ RunTime:0.000664s ]
INFO: [ app_begin ] --END-- [ RunTime:0.000770s ]
SQL: SHOW COLUMNS FROM `wx_cur_wechat` [ RunTime:0.0013s ]
SQL: SELECT * FROM `wx_cur_wechat` WHERE ( 1 = 1 ) LIMIT 1   [ RunTime:0.0007s ]
SQL: SHOW COLUMNS FROM `wx_wechat` [ RunTime:0.0010s ]
SQL: SELECT * FROM `wx_wechat` WHERE `token` = 'gh_0cd081a29ac3' LIMIT 1   [ RunTime:0.0007s ]

[ 2016-05-24T00:14:45+08:00 ] 123.151.42.47 /index.php/WeSite/Register/index?t=1464020084&getOpenId=1&code=031Tobma1MvHbV1SGgma1uE6ma1Tobm4&state=STATE
INFO: [ app_init ] --START--
INFO: Run Behavior\BuildLiteBehavior [ RunTime:0.000026s ]
INFO: [ app_init ] --END-- [ RunTime:0.000423s ]
INFO: [ app_begin ] --START--
INFO: Run Behavior\ReadHtmlCacheBehavior [ RunTime:0.000538s ]
INFO: [ app_begin ] --END-- [ RunTime:0.000607s ]
SQL: SHOW COLUMNS FROM `wx_cur_wechat` [ RunTime:0.0013s ]
SQL: SELECT * FROM `wx_cur_wechat` WHERE ( 1 = 1 ) LIMIT 1   [ RunTime:0.0009s ]
SQL: SHOW COLUMNS FROM `wx_wechat` [ RunTime:0.0012s ]
SQL: SELECT * FROM `wx_wechat` WHERE `token` = 'gh_0cd081a29ac3' LIMIT 1   [ RunTime:0.0008s ]
SQL: SHOW COLUMNS FROM `wx_member` [ RunTime:0.0020s ]
SQL: SELECT * FROM `wx_member` WHERE ( openid = 'o94P_s--_WuTUMdTeZ5YXG6H3AKM' ) LIMIT 1   [ RunTime:0.0010s ]
SQL: UPDATE `wx_member` SET `nickname`='Space',`headimgurl`='http://wx.qlogo.cn/mmopen/icFTnRoibgibp8bKhs23xezqXE6Ns8LqiahbiazYC0ZU6GMHajZHn4ZJLolFfUPHevXGrVukWh5zQDASBTqN7FjZuoA/0' WHERE ( openid = 'o94P_s--_WuTUMdTeZ5YXG6H3AKM' ) [ RunTime:0.0009s ]
INFO: [ view_parse ] --START--
INFO: [ template_filter ] --START--
INFO: Run Behavior\ContentReplaceBehavior [ RunTime:0.000147s ]
INFO: [ template_filter ] --END-- [ RunTime:0.000230s ]
INFO: Run Behavior\ParseTemplateBehavior [ RunTime:0.010285s ]
INFO: [ view_parse ] --END-- [ RunTime:0.010368s ]
INFO: [ view_filter ] --START--
INFO: Run Behavior\WriteHtmlCacheBehavior [ RunTime:0.000273s ]
INFO: [ view_filter ] --END-- [ RunTime:0.000321s ]
INFO: [ app_end ] --START--
INFO: Run Behavior\ShowPageTraceBehavior [ RunTime:0.000549s ]
INFO: [ app_end ] --END-- [ RunTime:0.000617s ]

[ 2016-05-24T14:09:34+08:00 ] 49.93.38.170 /index.php/WeSite/Person/index
INFO: [ app_init ] --START--
INFO: Run Behavior\BuildLiteBehavior [ RunTime:0.000034s ]
INFO: [ app_init ] --END-- [ RunTime:0.000516s ]
INFO: [ app_begin ] --START--
INFO: Run Behavior\ReadHtmlCacheBehavior [ RunTime:0.000509s ]
INFO: [ app_begin ] --END-- [ RunTime:0.000580s ]
SQL: SHOW COLUMNS FROM `wx_cur_wechat` [ RunTime:0.0016s ]
SQL: SELECT * FROM `wx_cur_wechat` WHERE ( 1 = 1 ) LIMIT 1   [ RunTime:0.0010s ]
SQL: SHOW COLUMNS FROM `ws_page` [ RunTime:0.0017s ]
SQL: SELECT * FROM `ws_page` WHERE ( openid = 'o94P_s9yLSc4GYSPPeEkW9EinOKs' )  [ RunTime:0.0011s ]
INFO: [ view_parse ] --START--
INFO: [ template_filter ] --START--
INFO: Run Behavior\ContentReplaceBehavior [ RunTime:0.000071s ]
INFO: [ template_filter ] --END-- [ RunTime:0.000162s ]
INFO: Run Behavior\ParseTemplateBehavior [ RunTime:0.010736s ]
INFO: [ view_parse ] --END-- [ RunTime:0.010819s ]
INFO: [ view_filter ] --START--
INFO: Run Behavior\WriteHtmlCacheBehavior [ RunTime:0.000260s ]
INFO: [ view_filter ] --END-- [ RunTime:0.000313s ]
INFO: [ app_end ] --START--
INFO: Run Behavior\ShowPageTraceBehavior [ RunTime:0.000549s ]
INFO: [ app_end ] --END-- [ RunTime:0.000607s ]

[ 2016-05-24T14:10:44+08:00 ] 49.93.38.170 /index.php/WeSite/Person/index
INFO: [ app_init ] --START--
INFO: Run Behavior\BuildLiteBehavior [ RunTime:0.000029s ]
INFO: [ app_init ] --END-- [ RunTime:0.000588s ]
INFO: [ app_begin ] --START--
INFO: Run Behavior\ReadHtmlCacheBehavior [ RunTime:0.000520s ]
INFO: [ app_begin ] --END-- [ RunTime:0.000592s ]
SQL: SHOW COLUMNS FROM `wx_cur_wechat` [ RunTime:0.0011s ]
SQL: SELECT * FROM `wx_cur_wechat` WHERE ( 1 = 1 ) LIMIT 1   [ RunTime:0.0007s ]
SQL: SHOW COLUMNS FROM `ws_page` [ RunTime:0.0014s ]
SQL: SELECT * FROM `ws_page` WHERE ( openid = 'o94P_s9yLSc4GYSPPeEkW9EinOKs' )  [ RunTime:0.0007s ]
INFO: [ view_parse ] --START--
INFO: [ template_filter ] --START--
INFO: Run Behavior\ContentReplaceBehavior [ RunTime:0.000063s ]
INFO: [ template_filter ] --END-- [ RunTime:0.000126s ]
INFO: Run Behavior\ParseTemplateBehavior [ RunTime:0.008234s ]
INFO: [ view_parse ] --END-- [ RunTime:0.008301s ]
INFO: [ view_filter ] --START--
INFO: Run Behavior\WriteHtmlCacheBehavior [ RunTime:0.000249s ]
INFO: [ view_filter ] --END-- [ RunTime:0.000302s ]
INFO: [ app_end ] --START--
INFO: Run Behavior\ShowPageTraceBehavior [ RunTime:0.000501s ]
INFO: [ app_end ] --END-- [ RunTime:0.000555s ]

[ 2016-05-24T14:11:13+08:00 ] 49.93.38.170 /index.php/WeSite/Register/index
INFO: [ app_init ] --START--
INFO: Run Behavior\BuildLiteBehavior [ RunTime:0.000026s ]
INFO: [ app_init ] --END-- [ RunTime:0.000412s ]
INFO: [ app_begin ] --START--
INFO: Run Behavior\ReadHtmlCacheBehavior [ RunTime:0.000503s ]
INFO: [ app_begin ] --END-- [ RunTime:0.000573s ]
SQL: SHOW COLUMNS FROM `wx_cur_wechat` [ RunTime:0.0014s ]
SQL: SELECT * FROM `wx_cur_wechat` WHERE ( 1 = 1 ) LIMIT 1   [ RunTime:0.0008s ]
SQL: SHOW COLUMNS FROM `wx_wechat` [ RunTime:0.0017s ]
SQL: SELECT * FROM `wx_wechat` WHERE `token` = 'gh_0cd081a29ac3' LIMIT 1   [ RunTime:0.0012s ]

[ 2016-05-24T14:11:14+08:00 ] 49.93.38.170 /index.php/WeSite/Register/index?t=1464070273&getOpenId=1&code=041nTnWR00IL6d2vpgZR0qdtWR0nTnWm&state=STATE
INFO: [ app_init ] --START--
INFO: Run Behavior\BuildLiteBehavior [ RunTime:0.000027s ]
INFO: [ app_init ] --END-- [ RunTime:0.000461s ]
INFO: [ app_begin ] --START--
INFO: Run Behavior\ReadHtmlCacheBehavior [ RunTime:0.000502s ]
INFO: [ app_begin ] --END-- [ RunTime:0.000573s ]
SQL: SHOW COLUMNS FROM `wx_cur_wechat` [ RunTime:0.0010s ]
SQL: SELECT * FROM `wx_cur_wechat` WHERE ( 1 = 1 ) LIMIT 1   [ RunTime:0.0007s ]
SQL: SHOW COLUMNS FROM `wx_wechat` [ RunTime:0.0010s ]
SQL: SELECT * FROM `wx_wechat` WHERE `token` = 'gh_0cd081a29ac3' LIMIT 1   [ RunTime:0.0006s ]
SQL: SHOW COLUMNS FROM `wx_member` [ RunTime:0.0015s ]
SQL: SELECT * FROM `wx_member` WHERE ( openid = 'o94P_s9yLSc4GYSPPeEkW9EinOKs' ) LIMIT 1   [ RunTime:0.0007s ]
SQL: UPDATE `wx_member` SET `nickname`='东方',`headimgurl`='http://wx.qlogo.cn/mmopen/Q3auHgzwzM5JVSeEdL8L9f3icRFyWA1aKoiacM64unnUiaEQr8Q62hPAZP32gwK1xkNbSPrq8Av1broApPibtAJyHg/0' WHERE ( openid = 'o94P_s9yLSc4GYSPPeEkW9EinOKs' ) [ RunTime:0.0007s ]
INFO: [ view_parse ] --START--
INFO: [ template_filter ] --START--
INFO: Run Behavior\ContentReplaceBehavior [ RunTime:0.000148s ]
INFO: [ template_filter ] --END-- [ RunTime:0.000500s ]
INFO: Run Behavior\ParseTemplateBehavior [ RunTime:0.010392s ]
INFO: [ view_parse ] --END-- [ RunTime:0.010480s ]
INFO: [ view_filter ] --START--
INFO: Run Behavior\WriteHtmlCacheBehavior [ RunTime:0.000246s ]
INFO: [ view_filter ] --END-- [ RunTime:0.000296s ]
INFO: [ app_end ] --START--
INFO: Run Behavior\ShowPageTraceBehavior [ RunTime:0.000722s ]
INFO: [ app_end ] --END-- [ RunTime:0.000851s ]

[ 2016-05-24T14:11:45+08:00 ] 49.93.38.170 /index.php/WeSite/Register/index
INFO: [ app_init ] --START--
INFO: Run Behavior\BuildLiteBehavior [ RunTime:0.000024s ]
INFO: [ app_init ] --END-- [ RunTime:0.000449s ]
INFO: [ app_begin ] --START--
INFO: Run Behavior\ReadHtmlCacheBehavior [ RunTime:0.000498s ]
INFO: [ app_begin ] --END-- [ RunTime:0.000596s ]
SQL: SHOW COLUMNS FROM `wx_cur_wechat` [ RunTime:0.0055s ]
SQL: SELECT * FROM `wx_cur_wechat` WHERE ( 1 = 1 ) LIMIT 1   [ RunTime:0.0007s ]
SQL: SHOW COLUMNS FROM `wx_wechat` [ RunTime:0.0011s ]
SQL: SELECT * FROM `wx_wechat` WHERE `token` = 'gh_0cd081a29ac3' LIMIT 1   [ RunTime:0.0008s ]

[ 2016-05-24T14:11:46+08:00 ] 49.93.38.170 /index.php/WeSite/Register/index?t=1464070305&getOpenId=1&code=031MSKeI05eF652qZegI0BfHeI0MSKew&state=STATE
INFO: [ app_init ] --START--
INFO: Run Behavior\BuildLiteBehavior [ RunTime:0.000028s ]
INFO: [ app_init ] --END-- [ RunTime:0.000433s ]
INFO: [ app_begin ] --START--
INFO: Run Behavior\ReadHtmlCacheBehavior [ RunTime:0.000531s ]
INFO: [ app_begin ] --END-- [ RunTime:0.000604s ]
SQL: SHOW COLUMNS FROM `wx_cur_wechat` [ RunTime:0.0012s ]
SQL: SELECT * FROM `wx_cur_wechat` WHERE ( 1 = 1 ) LIMIT 1   [ RunTime:0.0006s ]
SQL: SHOW COLUMNS FROM `wx_wechat` [ RunTime:0.0011s ]
SQL: SELECT * FROM `wx_wechat` WHERE `token` = 'gh_0cd081a29ac3' LIMIT 1   [ RunTime:0.0006s ]
SQL: SHOW COLUMNS FROM `wx_member` [ RunTime:0.0015s ]
SQL: SELECT * FROM `wx_member` WHERE ( openid = 'o94P_s9yLSc4GYSPPeEkW9EinOKs' ) LIMIT 1   [ RunTime:0.0006s ]
SQL: UPDATE `wx_member` SET `nickname`='东方',`headimgurl`='http://wx.qlogo.cn/mmopen/Q3auHgzwzM5JVSeEdL8L9f3icRFyWA1aKoiacM64unnUiaEQr8Q62hPAZP32gwK1xkNbSPrq8Av1broApPibtAJyHg/0' WHERE ( openid = 'o94P_s9yLSc4GYSPPeEkW9EinOKs' ) [ RunTime:0.0008s ]
INFO: [ view_parse ] --START--
INFO: [ template_filter ] --START--
INFO: Run Behavior\ContentReplaceBehavior [ RunTime:0.000154s ]
INFO: [ template_filter ] --END-- [ RunTime:0.000235s ]
INFO: Run Behavior\ParseTemplateBehavior [ RunTime:0.009980s ]
INFO: [ view_parse ] --END-- [ RunTime:0.010058s ]
INFO: [ view_filter ] --START--
INFO: Run Behavior\WriteHtmlCacheBehavior [ RunTime:0.000233s ]
INFO: [ view_filter ] --END-- [ RunTime:0.000286s ]
INFO: [ app_end ] --START--
INFO: Run Behavior\ShowPageTraceBehavior [ RunTime:0.000517s ]
INFO: [ app_end ] --END-- [ RunTime:0.000578s ]

[ 2016-05-24T14:12:31+08:00 ] 49.93.38.170 /index.php/WeSite/Register/index
INFO: [ app_init ] --START--
INFO: Run Behavior\BuildLiteBehavior [ RunTime:0.000025s ]
INFO: [ app_init ] --END-- [ RunTime:0.000439s ]
INFO: [ app_begin ] --START--
INFO: Run Behavior\ReadHtmlCacheBehavior [ RunTime:0.000532s ]
INFO: [ app_begin ] --END-- [ RunTime:0.000601s ]
SQL: SHOW COLUMNS FROM `wx_cur_wechat` [ RunTime:0.0012s ]
SQL: SELECT * FROM `wx_cur_wechat` WHERE ( 1 = 1 ) LIMIT 1   [ RunTime:0.0006s ]
SQL: SHOW COLUMNS FROM `wx_wechat` [ RunTime:0.0010s ]
SQL: SELECT * FROM `wx_wechat` WHERE `token` = 'gh_0cd081a29ac3' LIMIT 1   [ RunTime:0.0006s ]

[ 2016-05-24T14:12:32+08:00 ] 49.93.38.170 /index.php/WeSite/Register/index?t=1464070351&getOpenId=1&code=0314pinn0rVb1f1Ohion0HKnnn04pinE&state=STATE
INFO: [ app_init ] --START--
INFO: Run Behavior\BuildLiteBehavior [ RunTime:0.000026s ]
INFO: [ app_init ] --END-- [ RunTime:0.000415s ]
INFO: [ app_begin ] --START--
INFO: Run Behavior\ReadHtmlCacheBehavior [ RunTime:0.000548s ]
INFO: [ app_begin ] --END-- [ RunTime:0.000619s ]
SQL: SHOW COLUMNS FROM `wx_cur_wechat` [ RunTime:0.0012s ]
SQL: SELECT * FROM `wx_cur_wechat` WHERE ( 1 = 1 ) LIMIT 1   [ RunTime:0.0007s ]
SQL: SHOW COLUMNS FROM `wx_wechat` [ RunTime:0.0011s ]
SQL: SELECT * FROM `wx_wechat` WHERE `token` = 'gh_0cd081a29ac3' LIMIT 1   [ RunTime:0.0007s ]
SQL: SHOW COLUMNS FROM `wx_member` [ RunTime:0.0016s ]
SQL: SELECT * FROM `wx_member` WHERE ( openid = 'o94P_s9yLSc4GYSPPeEkW9EinOKs' ) LIMIT 1   [ RunTime:0.0007s ]
SQL: UPDATE `wx_member` SET `nickname`='东方',`headimgurl`='http://wx.qlogo.cn/mmopen/Q3auHgzwzM5JVSeEdL8L9f3icRFyWA1aKoiacM64unnUiaEQr8Q62hPAZP32gwK1xkNbSPrq8Av1broApPibtAJyHg/0' WHERE ( openid = 'o94P_s9yLSc4GYSPPeEkW9EinOKs' ) [ RunTime:0.0008s ]
INFO: [ view_parse ] --START--
INFO: [ template_filter ] --START--
INFO: Run Behavior\ContentReplaceBehavior [ RunTime:0.000176s ]
INFO: [ template_filter ] --END-- [ RunTime:0.000297s ]
INFO: Run Behavior\ParseTemplateBehavior [ RunTime:0.010684s ]
INFO: [ view_parse ] --END-- [ RunTime:0.010787s ]
INFO: [ view_filter ] --START--
INFO: Run Behavior\WriteHtmlCacheBehavior [ RunTime:0.000272s ]
INFO: [ view_filter ] --END-- [ RunTime:0.000323s ]
INFO: [ app_end ] --START--
INFO: Run Behavior\ShowPageTraceBehavior [ RunTime:0.000616s ]
INFO: [ app_end ] --END-- [ RunTime:0.000688s ]

