[ 2016-05-29T16:44:05+08:00 ] 112.224.67.135 /index.php/WeSite/Register/index
INFO: [ app_init ] --START--
INFO: Run Behavior\BuildLiteBehavior [ RunTime:0.000043s ]
INFO: [ app_init ] --END-- [ RunTime:0.000696s ]
INFO: [ app_begin ] --START--
INFO: Run Behavior\ReadHtmlCacheBehavior [ RunTime:0.000618s ]
INFO: [ app_begin ] --END-- [ RunTime:0.000696s ]
NOTIC: [2] session_start(): Cannot send session cookie - headers already sent by (output started at /data/home/qxu2062980122/htdocs/ThinkPHP/Conf/convention.php:1) /data/home/qxu2062980122/htdocs/ThinkPHP/Common/functions.php 第 1263 行.
NOTIC: [2] session_start(): Cannot send session cache limiter - headers already sent (output started at /data/home/qxu2062980122/htdocs/ThinkPHP/Conf/convention.php:1) /data/home/qxu2062980122/htdocs/ThinkPHP/Common/functions.php 第 1263 行.
SQL: SHOW COLUMNS FROM `wx_cur_wechat` [ RunTime:0.0013s ]
SQL: SELECT * FROM `wx_cur_wechat` WHERE ( 1 = 1 ) LIMIT 1   [ RunTime:0.0007s ]
SQL: SHOW COLUMNS FROM `wx_wechat` [ RunTime:0.0017s ]
SQL: SELECT * FROM `wx_wechat` WHERE `token` = 'gh_0cd081a29ac3' LIMIT 1   [ RunTime:0.0010s ]

[ 2016-05-29T16:44:05+08:00 ] 112.224.67.135 /index.php/WeSite/Register/index?t=1464511445&getOpenId=1&code=001va0Em1uA2Ox0ZT4Dm11eZDm1va0Ef&state=STATE
INFO: [ app_init ] --START--
INFO: Run Behavior\BuildLiteBehavior [ RunTime:0.000029s ]
INFO: [ app_init ] --END-- [ RunTime:0.000541s ]
INFO: [ app_begin ] --START--
INFO: Run Behavior\ReadHtmlCacheBehavior [ RunTime:0.000510s ]
INFO: [ app_begin ] --END-- [ RunTime:0.000579s ]
NOTIC: [2] session_start(): Cannot send session cookie - headers already sent by (output started at /data/home/qxu2062980122/htdocs/ThinkPHP/Conf/convention.php:1) /data/home/qxu2062980122/htdocs/ThinkPHP/Common/functions.php 第 1263 行.
NOTIC: [2] session_start(): Cannot send session cache limiter - headers already sent (output started at /data/home/qxu2062980122/htdocs/ThinkPHP/Conf/convention.php:1) /data/home/qxu2062980122/htdocs/ThinkPHP/Common/functions.php 第 1263 行.
SQL: SHOW COLUMNS FROM `wx_cur_wechat` [ RunTime:0.0012s ]
SQL: SELECT * FROM `wx_cur_wechat` WHERE ( 1 = 1 ) LIMIT 1   [ RunTime:0.0006s ]
SQL: SHOW COLUMNS FROM `wx_wechat` [ RunTime:0.0011s ]
SQL: SELECT * FROM `wx_wechat` WHERE `token` = 'gh_0cd081a29ac3' LIMIT 1   [ RunTime:0.0007s ]
SQL: SHOW COLUMNS FROM `wx_member` [ RunTime:0.0017s ]
SQL: SELECT * FROM `wx_member` WHERE ( openid = 'o94P_s6-WqLMPyt3d3mD9Acx4F80' ) LIMIT 1   [ RunTime:0.0007s ]
SQL: UPDATE `wx_member` SET `nickname`='小脸一捏咯咯',`headimgurl`='http://wx.qlogo.cn/mmopen/x0UibHiae88wibrUGe40Hayxbxvveq8qWHPIc8XIv1dO4BCVAAgBRDFtAElhibX5v1ayl5FoqXbUDVGoqmibDeibxNTJPa88paXhvI/0' WHERE ( openid = 'o94P_s6-WqLMPyt3d3mD9Acx4F80' ) [ RunTime:0.0007s ]
INFO: [ view_parse ] --START--
INFO: [ template_filter ] --START--
INFO: Run Behavior\ContentReplaceBehavior [ RunTime:0.000163s ]
INFO: [ template_filter ] --END-- [ RunTime:0.000249s ]
INFO: Run Behavior\ParseTemplateBehavior [ RunTime:0.010056s ]
INFO: [ view_parse ] --END-- [ RunTime:0.010138s ]
INFO: [ view_filter ] --START--
INFO: Run Behavior\WriteHtmlCacheBehavior [ RunTime:0.000285s ]
INFO: [ view_filter ] --END-- [ RunTime:0.000356s ]
NOTIC: [2] Cannot modify header information - headers already sent by (output started at /data/home/qxu2062980122/htdocs/ThinkPHP/Conf/convention.php:1) /data/home/qxu2062980122/htdocs/ThinkPHP/Library/Think/View.class.php 第 91 行.
NOTIC: [2] Cannot modify header information - headers already sent by (output started at /data/home/qxu2062980122/htdocs/ThinkPHP/Conf/convention.php:1) /data/home/qxu2062980122/htdocs/ThinkPHP/Library/Think/View.class.php 第 92 行.
NOTIC: [2] Cannot modify header information - headers already sent by (output started at /data/home/qxu2062980122/htdocs/ThinkPHP/Conf/convention.php:1) /data/home/qxu2062980122/htdocs/ThinkPHP/Library/Think/View.class.php 第 93 行.
INFO: [ app_end ] --START--
INFO: Run Behavior\ShowPageTraceBehavior [ RunTime:0.000592s ]
INFO: [ app_end ] --END-- [ RunTime:0.000675s ]

[ 2016-05-29T16:44:58+08:00 ] 112.224.67.135 /index.php/WeSite/Register/index
INFO: [ app_init ] --START--
INFO: Run Behavior\BuildLiteBehavior [ RunTime:0.000024s ]
INFO: [ app_init ] --END-- [ RunTime:0.000469s ]
INFO: [ app_begin ] --START--
INFO: Run Behavior\ReadHtmlCacheBehavior [ RunTime:0.000506s ]
INFO: [ app_begin ] --END-- [ RunTime:0.000574s ]
NOTIC: [2] session_start(): Cannot send session cookie - headers already sent by (output started at /data/home/qxu2062980122/htdocs/ThinkPHP/Conf/convention.php:1) /data/home/qxu2062980122/htdocs/ThinkPHP/Common/functions.php 第 1263 行.
NOTIC: [2] session_start(): Cannot send session cache limiter - headers already sent (output started at /data/home/qxu2062980122/htdocs/ThinkPHP/Conf/convention.php:1) /data/home/qxu2062980122/htdocs/ThinkPHP/Common/functions.php 第 1263 行.
SQL: SHOW COLUMNS FROM `wx_cur_wechat` [ RunTime:0.0013s ]
SQL: SELECT * FROM `wx_cur_wechat` WHERE ( 1 = 1 ) LIMIT 1   [ RunTime:0.0007s ]
SQL: SHOW COLUMNS FROM `wx_wechat` [ RunTime:0.0011s ]
SQL: SELECT * FROM `wx_wechat` WHERE `token` = 'gh_0cd081a29ac3' LIMIT 1   [ RunTime:0.0007s ]

[ 2016-05-29T16:44:58+08:00 ] 112.224.67.135 /index.php/WeSite/Register/index?t=1464511498&getOpenId=1&code=001VkQre2VLEXQ0m2qqe230Qre2VkQr2&state=STATE
INFO: [ app_init ] --START--
INFO: Run Behavior\BuildLiteBehavior [ RunTime:0.000024s ]
INFO: [ app_init ] --END-- [ RunTime:0.000418s ]
INFO: [ app_begin ] --START--
INFO: Run Behavior\ReadHtmlCacheBehavior [ RunTime:0.000578s ]
INFO: [ app_begin ] --END-- [ RunTime:0.000678s ]
NOTIC: [2] session_start(): Cannot send session cookie - headers already sent by (output started at /data/home/qxu2062980122/htdocs/ThinkPHP/Conf/convention.php:1) /data/home/qxu2062980122/htdocs/ThinkPHP/Common/functions.php 第 1263 行.
NOTIC: [2] session_start(): Cannot send session cache limiter - headers already sent (output started at /data/home/qxu2062980122/htdocs/ThinkPHP/Conf/convention.php:1) /data/home/qxu2062980122/htdocs/ThinkPHP/Common/functions.php 第 1263 行.
SQL: SHOW COLUMNS FROM `wx_cur_wechat` [ RunTime:0.0013s ]
SQL: SELECT * FROM `wx_cur_wechat` WHERE ( 1 = 1 ) LIMIT 1   [ RunTime:0.0007s ]
SQL: SHOW COLUMNS FROM `wx_wechat` [ RunTime:0.0011s ]
SQL: SELECT * FROM `wx_wechat` WHERE `token` = 'gh_0cd081a29ac3' LIMIT 1   [ RunTime:0.0008s ]
SQL: SHOW COLUMNS FROM `wx_member` [ RunTime:0.0017s ]
SQL: SELECT * FROM `wx_member` WHERE ( openid = 'o94P_s6-WqLMPyt3d3mD9Acx4F80' ) LIMIT 1   [ RunTime:0.0007s ]
SQL: UPDATE `wx_member` SET `nickname`='小脸一捏咯咯',`headimgurl`='http://wx.qlogo.cn/mmopen/x0UibHiae88wibrUGe40Hayxbxvveq8qWHPIc8XIv1dO4BCVAAgBRDFtAElhibX5v1ayl5FoqXbUDVGoqmibDeibxNTJPa88paXhvI/0' WHERE ( openid = 'o94P_s6-WqLMPyt3d3mD9Acx4F80' ) [ RunTime:0.0009s ]
INFO: [ view_parse ] --START--
INFO: [ template_filter ] --START--
INFO: Run Behavior\ContentReplaceBehavior [ RunTime:0.000181s ]
INFO: [ template_filter ] --END-- [ RunTime:0.000288s ]
INFO: Run Behavior\ParseTemplateBehavior [ RunTime:0.015340s ]
INFO: [ view_parse ] --END-- [ RunTime:0.015414s ]
INFO: [ view_filter ] --START--
INFO: Run Behavior\WriteHtmlCacheBehavior [ RunTime:0.000271s ]
INFO: [ view_filter ] --END-- [ RunTime:0.000320s ]
NOTIC: [2] Cannot modify header information - headers already sent by (output started at /data/home/qxu2062980122/htdocs/ThinkPHP/Conf/convention.php:1) /data/home/qxu2062980122/htdocs/ThinkPHP/Library/Think/View.class.php 第 91 行.
NOTIC: [2] Cannot modify header information - headers already sent by (output started at /data/home/qxu2062980122/htdocs/ThinkPHP/Conf/convention.php:1) /data/home/qxu2062980122/htdocs/ThinkPHP/Library/Think/View.class.php 第 92 行.
NOTIC: [2] Cannot modify header information - headers already sent by (output started at /data/home/qxu2062980122/htdocs/ThinkPHP/Conf/convention.php:1) /data/home/qxu2062980122/htdocs/ThinkPHP/Library/Think/View.class.php 第 93 行.
INFO: [ app_end ] --START--
INFO: Run Behavior\ShowPageTraceBehavior [ RunTime:0.000584s ]
INFO: [ app_end ] --END-- [ RunTime:0.000665s ]

[ 2016-05-29T16:46:27+08:00 ] 112.224.67.135 /index.php/WeSite/Register/upload_pic_img_front
INFO: [ app_init ] --START--
INFO: Run Behavior\BuildLiteBehavior [ RunTime:0.000023s ]
INFO: [ app_init ] --END-- [ RunTime:0.000446s ]
INFO: [ app_begin ] --START--
INFO: Run Behavior\ReadHtmlCacheBehavior [ RunTime:0.000495s ]
INFO: [ app_begin ] --END-- [ RunTime:0.000565s ]
NOTIC: [2] session_start(): Cannot send session cookie - headers already sent by (output started at /data/home/qxu2062980122/htdocs/ThinkPHP/Conf/convention.php:1) /data/home/qxu2062980122/htdocs/ThinkPHP/Common/functions.php 第 1263 行.
NOTIC: [2] session_start(): Cannot send session cache limiter - headers already sent (output started at /data/home/qxu2062980122/htdocs/ThinkPHP/Conf/convention.php:1) /data/home/qxu2062980122/htdocs/ThinkPHP/Common/functions.php 第 1263 行.
NOTIC: [8] Undefined variable: _zw /data/home/qxu2062980122/htdocs/Application/WeSite/Controller/RegisterController.class.php 第 75 行.
NOTIC: [8] Undefined variable: _zw /data/home/qxu2062980122/htdocs/Application/WeSite/Controller/RegisterController.class.php 第 75 行.
INFO: [ app_end ] --START--
INFO: Run Behavior\ShowPageTraceBehavior [ RunTime:0.000652s ]
INFO: [ app_end ] --END-- [ RunTime:0.000765s ]

[ 2016-05-29T16:46:31+08:00 ] 112.224.67.135 /index.php/WeSite/Register/submit
INFO: [ app_init ] --START--
INFO: Run Behavior\BuildLiteBehavior [ RunTime:0.000026s ]
INFO: [ app_init ] --END-- [ RunTime:0.000426s ]
INFO: [ app_begin ] --START--
INFO: Run Behavior\ReadHtmlCacheBehavior [ RunTime:0.000530s ]
INFO: [ app_begin ] --END-- [ RunTime:0.000600s ]
NOTIC: [2] session_start(): Cannot send session cookie - headers already sent by (output started at /data/home/qxu2062980122/htdocs/ThinkPHP/Conf/convention.php:1) /data/home/qxu2062980122/htdocs/ThinkPHP/Common/functions.php 第 1263 行.
NOTIC: [2] session_start(): Cannot send session cache limiter - headers already sent (output started at /data/home/qxu2062980122/htdocs/ThinkPHP/Conf/convention.php:1) /data/home/qxu2062980122/htdocs/ThinkPHP/Common/functions.php 第 1263 行.
SQL: SHOW COLUMNS FROM `wx_wechat` [ RunTime:0.0014s ]
SQL: SELECT * FROM `wx_wechat` WHERE `token` = -1 LIMIT 1   [ RunTime:0.0008s ]

[ 2016-05-29T18:09:55+08:00 ] 223.81.192.30 /index.php/WeSite/Register/index
INFO: [ app_init ] --START--
INFO: Run Behavior\BuildLiteBehavior [ RunTime:0.000025s ]
INFO: [ app_init ] --END-- [ RunTime:0.000438s ]
INFO: [ app_begin ] --START--
INFO: Run Behavior\ReadHtmlCacheBehavior [ RunTime:0.000490s ]
INFO: [ app_begin ] --END-- [ RunTime:0.000564s ]
NOTIC: [2] session_start(): Cannot send session cookie - headers already sent by (output started at /data/home/qxu2062980122/htdocs/ThinkPHP/Conf/convention.php:1) /data/home/qxu2062980122/htdocs/ThinkPHP/Common/functions.php 第 1263 行.
NOTIC: [2] session_start(): Cannot send session cache limiter - headers already sent (output started at /data/home/qxu2062980122/htdocs/ThinkPHP/Conf/convention.php:1) /data/home/qxu2062980122/htdocs/ThinkPHP/Common/functions.php 第 1263 行.
SQL: SHOW COLUMNS FROM `wx_cur_wechat` [ RunTime:0.0016s ]
SQL: SELECT * FROM `wx_cur_wechat` WHERE ( 1 = 1 ) LIMIT 1   [ RunTime:0.0008s ]
SQL: SHOW COLUMNS FROM `wx_wechat` [ RunTime:0.0012s ]
SQL: SELECT * FROM `wx_wechat` WHERE `token` = 'gh_0cd081a29ac3' LIMIT 1   [ RunTime:0.0012s ]

[ 2016-05-29T18:09:56+08:00 ] 223.81.192.30 /index.php/WeSite/Register/index?t=1464516595&getOpenId=1&code=0412i7lJ0ZeuT32xiEhJ0BU2lJ02i7lz&state=STATE
INFO: [ app_init ] --START--
INFO: Run Behavior\BuildLiteBehavior [ RunTime:0.000026s ]
INFO: [ app_init ] --END-- [ RunTime:0.000425s ]
INFO: [ app_begin ] --START--
INFO: Run Behavior\ReadHtmlCacheBehavior [ RunTime:0.000524s ]
INFO: [ app_begin ] --END-- [ RunTime:0.000592s ]
NOTIC: [2] session_start(): Cannot send session cookie - headers already sent by (output started at /data/home/qxu2062980122/htdocs/ThinkPHP/Conf/convention.php:1) /data/home/qxu2062980122/htdocs/ThinkPHP/Common/functions.php 第 1263 行.
NOTIC: [2] session_start(): Cannot send session cache limiter - headers already sent (output started at /data/home/qxu2062980122/htdocs/ThinkPHP/Conf/convention.php:1) /data/home/qxu2062980122/htdocs/ThinkPHP/Common/functions.php 第 1263 行.
SQL: SHOW COLUMNS FROM `wx_cur_wechat` [ RunTime:0.0012s ]
SQL: SELECT * FROM `wx_cur_wechat` WHERE ( 1 = 1 ) LIMIT 1   [ RunTime:0.0006s ]
SQL: SHOW COLUMNS FROM `wx_wechat` [ RunTime:0.0010s ]
SQL: SELECT * FROM `wx_wechat` WHERE `token` = 'gh_0cd081a29ac3' LIMIT 1   [ RunTime:0.0006s ]
SQL: SHOW COLUMNS FROM `wx_member` [ RunTime:0.0016s ]
SQL: SELECT * FROM `wx_member` WHERE ( openid = 'o94P_s6-WqLMPyt3d3mD9Acx4F80' ) LIMIT 1   [ RunTime:0.0007s ]
SQL: UPDATE `wx_member` SET `nickname`='小脸一捏咯咯',`headimgurl`='http://wx.qlogo.cn/mmopen/x0UibHiae88wibrUGe40Hayxbxvveq8qWHPIc8XIv1dO4BCVAAgBRDFtAElhibX5v1ayl5FoqXbUDVGoqmibDeibxNTJPa88paXhvI/0' WHERE ( openid = 'o94P_s6-WqLMPyt3d3mD9Acx4F80' ) [ RunTime:0.0007s ]
INFO: [ view_parse ] --START--
INFO: [ template_filter ] --START--
INFO: Run Behavior\ContentReplaceBehavior [ RunTime:0.000145s ]
INFO: [ template_filter ] --END-- [ RunTime:0.000224s ]
INFO: Run Behavior\ParseTemplateBehavior [ RunTime:0.010272s ]
INFO: [ view_parse ] --END-- [ RunTime:0.010351s ]
INFO: [ view_filter ] --START--
INFO: Run Behavior\WriteHtmlCacheBehavior [ RunTime:0.000254s ]
INFO: [ view_filter ] --END-- [ RunTime:0.000303s ]
NOTIC: [2] Cannot modify header information - headers already sent by (output started at /data/home/qxu2062980122/htdocs/ThinkPHP/Conf/convention.php:1) /data/home/qxu2062980122/htdocs/ThinkPHP/Library/Think/View.class.php 第 91 行.
NOTIC: [2] Cannot modify header information - headers already sent by (output started at /data/home/qxu2062980122/htdocs/ThinkPHP/Conf/convention.php:1) /data/home/qxu2062980122/htdocs/ThinkPHP/Library/Think/View.class.php 第 92 行.
NOTIC: [2] Cannot modify header information - headers already sent by (output started at /data/home/qxu2062980122/htdocs/ThinkPHP/Conf/convention.php:1) /data/home/qxu2062980122/htdocs/ThinkPHP/Library/Think/View.class.php 第 93 行.
INFO: [ app_end ] --START--
INFO: Run Behavior\ShowPageTraceBehavior [ RunTime:0.000734s ]
INFO: [ app_end ] --END-- [ RunTime:0.000840s ]

[ 2016-05-29T18:09:57+08:00 ] 223.81.192.30 /index.php/WeSite/Register/index
INFO: [ app_init ] --START--
INFO: Run Behavior\BuildLiteBehavior [ RunTime:0.000026s ]
INFO: [ app_init ] --END-- [ RunTime:0.000437s ]
INFO: [ app_begin ] --START--
INFO: Run Behavior\ReadHtmlCacheBehavior [ RunTime:0.000534s ]
INFO: [ app_begin ] --END-- [ RunTime:0.000608s ]
NOTIC: [2] session_start(): Cannot send session cookie - headers already sent by (output started at /data/home/qxu2062980122/htdocs/ThinkPHP/Conf/convention.php:1) /data/home/qxu2062980122/htdocs/ThinkPHP/Common/functions.php 第 1263 行.
NOTIC: [2] session_start(): Cannot send session cache limiter - headers already sent (output started at /data/home/qxu2062980122/htdocs/ThinkPHP/Conf/convention.php:1) /data/home/qxu2062980122/htdocs/ThinkPHP/Common/functions.php 第 1263 行.
SQL: SHOW COLUMNS FROM `wx_cur_wechat` [ RunTime:0.0012s ]
SQL: SELECT * FROM `wx_cur_wechat` WHERE ( 1 = 1 ) LIMIT 1   [ RunTime:0.0006s ]
SQL: SHOW COLUMNS FROM `wx_wechat` [ RunTime:0.0009s ]
SQL: SELECT * FROM `wx_wechat` WHERE `token` = 'gh_0cd081a29ac3' LIMIT 1   [ RunTime:0.0007s ]

[ 2016-05-29T18:09:58+08:00 ] 223.81.192.30 /index.php/WeSite/Register/index?t=1464516597&getOpenId=1&code=011BtL3E0c1EI726KQ1E0AiH3E0BtL35&state=STATE
INFO: [ app_init ] --START--
INFO: Run Behavior\BuildLiteBehavior [ RunTime:0.000027s ]
INFO: [ app_init ] --END-- [ RunTime:0.000449s ]
INFO: [ app_begin ] --START--
INFO: Run Behavior\ReadHtmlCacheBehavior [ RunTime:0.000504s ]
INFO: [ app_begin ] --END-- [ RunTime:0.000572s ]
NOTIC: [2] session_start(): Cannot send session cookie - headers already sent by (output started at /data/home/qxu2062980122/htdocs/ThinkPHP/Conf/convention.php:1) /data/home/qxu2062980122/htdocs/ThinkPHP/Common/functions.php 第 1263 行.
NOTIC: [2] session_start(): Cannot send session cache limiter - headers already sent (output started at /data/home/qxu2062980122/htdocs/ThinkPHP/Conf/convention.php:1) /data/home/qxu2062980122/htdocs/ThinkPHP/Common/functions.php 第 1263 行.
SQL: SHOW COLUMNS FROM `wx_cur_wechat` [ RunTime:0.0011s ]
SQL: SELECT * FROM `wx_cur_wechat` WHERE ( 1 = 1 ) LIMIT 1   [ RunTime:0.0007s ]
SQL: SHOW COLUMNS FROM `wx_wechat` [ RunTime:0.0011s ]
SQL: SELECT * FROM `wx_wechat` WHERE `token` = 'gh_0cd081a29ac3' LIMIT 1   [ RunTime:0.0007s ]
SQL: SHOW COLUMNS FROM `wx_member` [ RunTime:0.0014s ]
SQL: SELECT * FROM `wx_member` WHERE ( openid = 'o94P_s6-WqLMPyt3d3mD9Acx4F80' ) LIMIT 1   [ RunTime:0.0007s ]
SQL: UPDATE `wx_member` SET `nickname`='小脸一捏咯咯',`headimgurl`='http://wx.qlogo.cn/mmopen/x0UibHiae88wibrUGe40Hayxbxvveq8qWHPIc8XIv1dO4BCVAAgBRDFtAElhibX5v1ayl5FoqXbUDVGoqmibDeibxNTJPa88paXhvI/0' WHERE ( openid = 'o94P_s6-WqLMPyt3d3mD9Acx4F80' ) [ RunTime:0.0008s ]
INFO: [ view_parse ] --START--
INFO: [ template_filter ] --START--
INFO: Run Behavior\ContentReplaceBehavior [ RunTime:0.000148s ]
INFO: [ template_filter ] --END-- [ RunTime:0.000235s ]
INFO: Run Behavior\ParseTemplateBehavior [ RunTime:0.011496s ]
INFO: [ view_parse ] --END-- [ RunTime:0.011576s ]
INFO: [ view_filter ] --START--
INFO: Run Behavior\WriteHtmlCacheBehavior [ RunTime:0.000298s ]
INFO: [ view_filter ] --END-- [ RunTime:0.000346s ]
NOTIC: [2] Cannot modify header information - headers already sent by (output started at /data/home/qxu2062980122/htdocs/ThinkPHP/Conf/convention.php:1) /data/home/qxu2062980122/htdocs/ThinkPHP/Library/Think/View.class.php 第 91 行.
NOTIC: [2] Cannot modify header information - headers already sent by (output started at /data/home/qxu2062980122/htdocs/ThinkPHP/Conf/convention.php:1) /data/home/qxu2062980122/htdocs/ThinkPHP/Library/Think/View.class.php 第 92 行.
NOTIC: [2] Cannot modify header information - headers already sent by (output started at /data/home/qxu2062980122/htdocs/ThinkPHP/Conf/convention.php:1) /data/home/qxu2062980122/htdocs/ThinkPHP/Library/Think/View.class.php 第 93 行.
INFO: [ app_end ] --START--
INFO: Run Behavior\ShowPageTraceBehavior [ RunTime:0.000551s ]
INFO: [ app_end ] --END-- [ RunTime:0.000611s ]

[ 2016-05-29T22:59:49+08:00 ] 223.81.192.30 /index.php/WeSite/Register/index
INFO: [ app_init ] --START--
INFO: Run Behavior\BuildLiteBehavior [ RunTime:0.000027s ]
INFO: [ app_init ] --END-- [ RunTime:0.000535s ]
INFO: [ app_begin ] --START--
INFO: Run Behavior\ReadHtmlCacheBehavior [ RunTime:0.000512s ]
INFO: [ app_begin ] --END-- [ RunTime:0.000584s ]
NOTIC: [2] session_start(): Cannot send session cookie - headers already sent by (output started at /data/home/qxu2062980122/htdocs/ThinkPHP/Conf/convention.php:1) /data/home/qxu2062980122/htdocs/ThinkPHP/Common/functions.php 第 1263 行.
NOTIC: [2] session_start(): Cannot send session cache limiter - headers already sent (output started at /data/home/qxu2062980122/htdocs/ThinkPHP/Conf/convention.php:1) /data/home/qxu2062980122/htdocs/ThinkPHP/Common/functions.php 第 1263 行.
SQL: SHOW COLUMNS FROM `wx_cur_wechat` [ RunTime:0.0017s ]
SQL: SELECT * FROM `wx_cur_wechat` WHERE ( 1 = 1 ) LIMIT 1   [ RunTime:0.0009s ]
SQL: SHOW COLUMNS FROM `wx_wechat` [ RunTime:0.0014s ]
SQL: SELECT * FROM `wx_wechat` WHERE `token` = 'gh_0cd081a29ac3' LIMIT 1   [ RunTime:0.0010s ]

[ 2016-05-29T22:59:50+08:00 ] 223.81.192.30 /index.php/WeSite/Register/index?t=1464533989&getOpenId=1&code=0211Nwnd0gDA2H1C4opd0DFvnd01Nwnr&state=STATE
INFO: [ app_init ] --START--
INFO: Run Behavior\BuildLiteBehavior [ RunTime:0.000032s ]
INFO: [ app_init ] --END-- [ RunTime:0.000470s ]
INFO: [ app_begin ] --START--
INFO: Run Behavior\ReadHtmlCacheBehavior [ RunTime:0.000609s ]
INFO: [ app_begin ] --END-- [ RunTime:0.000688s ]
NOTIC: [2] session_start(): Cannot send session cookie - headers already sent by (output started at /data/home/qxu2062980122/htdocs/ThinkPHP/Conf/convention.php:1) /data/home/qxu2062980122/htdocs/ThinkPHP/Common/functions.php 第 1263 行.
NOTIC: [2] session_start(): Cannot send session cache limiter - headers already sent (output started at /data/home/qxu2062980122/htdocs/ThinkPHP/Conf/convention.php:1) /data/home/qxu2062980122/htdocs/ThinkPHP/Common/functions.php 第 1263 行.
SQL: SHOW COLUMNS FROM `wx_cur_wechat` [ RunTime:0.0013s ]
SQL: SELECT * FROM `wx_cur_wechat` WHERE ( 1 = 1 ) LIMIT 1   [ RunTime:0.0008s ]
SQL: SHOW COLUMNS FROM `wx_wechat` [ RunTime:0.0011s ]
SQL: SELECT * FROM `wx_wechat` WHERE `token` = 'gh_0cd081a29ac3' LIMIT 1   [ RunTime:0.0008s ]
SQL: SHOW COLUMNS FROM `wx_member` [ RunTime:0.0019s ]
SQL: SELECT * FROM `wx_member` WHERE ( openid = 'o94P_s6-WqLMPyt3d3mD9Acx4F80' ) LIMIT 1   [ RunTime:0.0009s ]
SQL: UPDATE `wx_member` SET `nickname`='小脸一捏咯咯',`headimgurl`='http://wx.qlogo.cn/mmopen/x0UibHiae88wibrUGe40Hayxbxvveq8qWHPIc8XIv1dO4BCVAAgBRDFtAElhibX5v1ayl5FoqXbUDVGoqmibDeibxNTJPa88paXhvI/0' WHERE ( openid = 'o94P_s6-WqLMPyt3d3mD9Acx4F80' ) [ RunTime:0.0009s ]
INFO: [ view_parse ] --START--
INFO: [ template_filter ] --START--
INFO: Run Behavior\ContentReplaceBehavior [ RunTime:0.000148s ]
INFO: [ template_filter ] --END-- [ RunTime:0.000261s ]
INFO: Run Behavior\ParseTemplateBehavior [ RunTime:0.017815s ]
INFO: [ view_parse ] --END-- [ RunTime:0.017916s ]
INFO: [ view_filter ] --START--
INFO: Run Behavior\WriteHtmlCacheBehavior [ RunTime:0.000495s ]
INFO: [ view_filter ] --END-- [ RunTime:0.000588s ]
NOTIC: [2] Cannot modify header information - headers already sent by (output started at /data/home/qxu2062980122/htdocs/ThinkPHP/Conf/convention.php:1) /data/home/qxu2062980122/htdocs/ThinkPHP/Library/Think/View.class.php 第 91 行.
NOTIC: [2] Cannot modify header information - headers already sent by (output started at /data/home/qxu2062980122/htdocs/ThinkPHP/Conf/convention.php:1) /data/home/qxu2062980122/htdocs/ThinkPHP/Library/Think/View.class.php 第 92 行.
NOTIC: [2] Cannot modify header information - headers already sent by (output started at /data/home/qxu2062980122/htdocs/ThinkPHP/Conf/convention.php:1) /data/home/qxu2062980122/htdocs/ThinkPHP/Library/Think/View.class.php 第 93 行.
INFO: [ app_end ] --START--
INFO: Run Behavior\ShowPageTraceBehavior [ RunTime:0.000613s ]
INFO: [ app_end ] --END-- [ RunTime:0.000681s ]

[ 2016-05-29T22:59:51+08:00 ] 112.65.193.14 /index.php/WeSite/Register/index
INFO: [ app_init ] --START--
INFO: Run Behavior\BuildLiteBehavior [ RunTime:0.000028s ]
INFO: [ app_init ] --END-- [ RunTime:0.000472s ]
INFO: [ app_begin ] --START--
INFO: Run Behavior\ReadHtmlCacheBehavior [ RunTime:0.000612s ]
INFO: [ app_begin ] --END-- [ RunTime:0.000698s ]
NOTIC: [2] session_start(): Cannot send session cookie - headers already sent by (output started at /data/home/qxu2062980122/htdocs/ThinkPHP/Conf/convention.php:1) /data/home/qxu2062980122/htdocs/ThinkPHP/Common/functions.php 第 1263 行.
NOTIC: [2] session_start(): Cannot send session cache limiter - headers already sent (output started at /data/home/qxu2062980122/htdocs/ThinkPHP/Conf/convention.php:1) /data/home/qxu2062980122/htdocs/ThinkPHP/Common/functions.php 第 1263 行.
SQL: SHOW COLUMNS FROM `wx_cur_wechat` [ RunTime:0.0016s ]
SQL: SELECT * FROM `wx_cur_wechat` WHERE ( 1 = 1 ) LIMIT 1   [ RunTime:0.0008s ]
SQL: SHOW COLUMNS FROM `wx_wechat` [ RunTime:0.0014s ]
SQL: SELECT * FROM `wx_wechat` WHERE `token` = 'gh_0cd081a29ac3' LIMIT 1   [ RunTime:0.0009s ]

[ 2016-05-29T22:59:51+08:00 ] 180.153.163.191 /index.php/WeSite/Register/index
INFO: [ app_init ] --START--
INFO: Run Behavior\BuildLiteBehavior [ RunTime:0.000029s ]
INFO: [ app_init ] --END-- [ RunTime:0.000456s ]
INFO: [ app_begin ] --START--
INFO: Run Behavior\ReadHtmlCacheBehavior [ RunTime:0.000534s ]
INFO: [ app_begin ] --END-- [ RunTime:0.000610s ]
NOTIC: [2] session_start(): Cannot send session cookie - headers already sent by (output started at /data/home/qxu2062980122/htdocs/ThinkPHP/Conf/convention.php:1) /data/home/qxu2062980122/htdocs/ThinkPHP/Common/functions.php 第 1263 行.
NOTIC: [2] session_start(): Cannot send session cache limiter - headers already sent (output started at /data/home/qxu2062980122/htdocs/ThinkPHP/Conf/convention.php:1) /data/home/qxu2062980122/htdocs/ThinkPHP/Common/functions.php 第 1263 行.
SQL: SHOW COLUMNS FROM `wx_cur_wechat` [ RunTime:0.0014s ]
SQL: SELECT * FROM `wx_cur_wechat` WHERE ( 1 = 1 ) LIMIT 1   [ RunTime:0.0008s ]
SQL: SHOW COLUMNS FROM `wx_wechat` [ RunTime:0.0012s ]
SQL: SELECT * FROM `wx_wechat` WHERE `token` = 'gh_0cd081a29ac3' LIMIT 1   [ RunTime:0.0008s ]

[ 2016-05-29T22:59:51+08:00 ] 180.153.163.190 /index.php/WeSite/Register/index
INFO: [ app_init ] --START--
INFO: Run Behavior\BuildLiteBehavior [ RunTime:0.000027s ]
INFO: [ app_init ] --END-- [ RunTime:0.000464s ]
INFO: [ app_begin ] --START--
INFO: Run Behavior\ReadHtmlCacheBehavior [ RunTime:0.000564s ]
INFO: [ app_begin ] --END-- [ RunTime:0.000646s ]
NOTIC: [2] session_start(): Cannot send session cookie - headers already sent by (output started at /data/home/qxu2062980122/htdocs/ThinkPHP/Conf/convention.php:1) /data/home/qxu2062980122/htdocs/ThinkPHP/Common/functions.php 第 1263 行.
NOTIC: [2] session_start(): Cannot send session cache limiter - headers already sent (output started at /data/home/qxu2062980122/htdocs/ThinkPHP/Conf/convention.php:1) /data/home/qxu2062980122/htdocs/ThinkPHP/Common/functions.php 第 1263 行.
SQL: SHOW COLUMNS FROM `wx_cur_wechat` [ RunTime:0.0035s ]
SQL: SELECT * FROM `wx_cur_wechat` WHERE ( 1 = 1 ) LIMIT 1   [ RunTime:0.0007s ]
SQL: SHOW COLUMNS FROM `wx_wechat` [ RunTime:0.0011s ]
SQL: SELECT * FROM `wx_wechat` WHERE `token` = 'gh_0cd081a29ac3' LIMIT 1   [ RunTime:0.0007s ]

[ 2016-05-29T23:00:06+08:00 ] 180.153.160.28 /index.php/WeSite/Register/index
INFO: [ app_init ] --START--
INFO: Run Behavior\BuildLiteBehavior [ RunTime:0.000025s ]
INFO: [ app_init ] --END-- [ RunTime:0.000448s ]
INFO: [ app_begin ] --START--
INFO: Run Behavior\ReadHtmlCacheBehavior [ RunTime:0.000517s ]
INFO: [ app_begin ] --END-- [ RunTime:0.000613s ]
NOTIC: [2] session_start(): Cannot send session cookie - headers already sent by (output started at /data/home/qxu2062980122/htdocs/ThinkPHP/Conf/convention.php:1) /data/home/qxu2062980122/htdocs/ThinkPHP/Common/functions.php 第 1263 行.
NOTIC: [2] session_start(): Cannot send session cache limiter - headers already sent (output started at /data/home/qxu2062980122/htdocs/ThinkPHP/Conf/convention.php:1) /data/home/qxu2062980122/htdocs/ThinkPHP/Common/functions.php 第 1263 行.
SQL: SHOW COLUMNS FROM `wx_cur_wechat` [ RunTime:0.0013s ]
SQL: SELECT * FROM `wx_cur_wechat` WHERE ( 1 = 1 ) LIMIT 1   [ RunTime:0.0007s ]
SQL: SHOW COLUMNS FROM `wx_wechat` [ RunTime:0.0014s ]
SQL: SELECT * FROM `wx_wechat` WHERE `token` = 'gh_0cd081a29ac3' LIMIT 1   [ RunTime:0.0011s ]

[ 2016-05-29T23:00:52+08:00 ] 223.81.192.30 /index.php/WeSite/Register/upload_pic_img_front
INFO: [ app_init ] --START--
INFO: Run Behavior\BuildLiteBehavior [ RunTime:0.000024s ]
INFO: [ app_init ] --END-- [ RunTime:0.000417s ]
INFO: [ app_begin ] --START--
INFO: Run Behavior\ReadHtmlCacheBehavior [ RunTime:0.000526s ]
INFO: [ app_begin ] --END-- [ RunTime:0.000600s ]
NOTIC: [2] session_start(): Cannot send session cookie - headers already sent by (output started at /data/home/qxu2062980122/htdocs/ThinkPHP/Conf/convention.php:1) /data/home/qxu2062980122/htdocs/ThinkPHP/Common/functions.php 第 1263 行.
NOTIC: [2] session_start(): Cannot send session cache limiter - headers already sent (output started at /data/home/qxu2062980122/htdocs/ThinkPHP/Conf/convention.php:1) /data/home/qxu2062980122/htdocs/ThinkPHP/Common/functions.php 第 1263 行.
NOTIC: [8] Undefined variable: _zw /data/home/qxu2062980122/htdocs/Application/WeSite/Controller/RegisterController.class.php 第 75 行.
NOTIC: [8] Undefined variable: _zw /data/home/qxu2062980122/htdocs/Application/WeSite/Controller/RegisterController.class.php 第 75 行.
INFO: [ app_end ] --START--
INFO: Run Behavior\ShowPageTraceBehavior [ RunTime:0.000673s ]
INFO: [ app_end ] --END-- [ RunTime:0.000791s ]

[ 2016-05-29T23:00:57+08:00 ] 223.81.192.30 /index.php/WeSite/Register/submit
INFO: [ app_init ] --START--
INFO: Run Behavior\BuildLiteBehavior [ RunTime:0.000026s ]
INFO: [ app_init ] --END-- [ RunTime:0.000524s ]
INFO: [ app_begin ] --START--
INFO: Run Behavior\ReadHtmlCacheBehavior [ RunTime:0.000596s ]
INFO: [ app_begin ] --END-- [ RunTime:0.000668s ]
NOTIC: [2] session_start(): Cannot send session cookie - headers already sent by (output started at /data/home/qxu2062980122/htdocs/ThinkPHP/Conf/convention.php:1) /data/home/qxu2062980122/htdocs/ThinkPHP/Common/functions.php 第 1263 行.
NOTIC: [2] session_start(): Cannot send session cache limiter - headers already sent (output started at /data/home/qxu2062980122/htdocs/ThinkPHP/Conf/convention.php:1) /data/home/qxu2062980122/htdocs/ThinkPHP/Common/functions.php 第 1263 行.
SQL: SHOW COLUMNS FROM `wx_wechat` [ RunTime:0.0015s ]
SQL: SELECT * FROM `wx_wechat` WHERE `token` = -1 LIMIT 1   [ RunTime:0.0010s ]

[ 2016-05-29T23:01:21+08:00 ] 119.147.146.189 /index.php/WeSite/Register/index
INFO: [ app_init ] --START--
INFO: Run Behavior\BuildLiteBehavior [ RunTime:0.000026s ]
INFO: [ app_init ] --END-- [ RunTime:0.000420s ]
INFO: [ app_begin ] --START--
INFO: Run Behavior\ReadHtmlCacheBehavior [ RunTime:0.000483s ]
INFO: [ app_begin ] --END-- [ RunTime:0.000551s ]
NOTIC: [2] session_start(): Cannot send session cookie - headers already sent by (output started at /data/home/qxu2062980122/htdocs/ThinkPHP/Conf/convention.php:1) /data/home/qxu2062980122/htdocs/ThinkPHP/Common/functions.php 第 1263 行.
NOTIC: [2] session_start(): Cannot send session cache limiter - headers already sent (output started at /data/home/qxu2062980122/htdocs/ThinkPHP/Conf/convention.php:1) /data/home/qxu2062980122/htdocs/ThinkPHP/Common/functions.php 第 1263 行.
SQL: SHOW COLUMNS FROM `wx_cur_wechat` [ RunTime:0.0013s ]
SQL: SELECT * FROM `wx_cur_wechat` WHERE ( 1 = 1 ) LIMIT 1   [ RunTime:0.0006s ]
SQL: SHOW COLUMNS FROM `wx_wechat` [ RunTime:0.0011s ]
SQL: SELECT * FROM `wx_wechat` WHERE `token` = 'gh_0cd081a29ac3' LIMIT 1   [ RunTime:0.0006s ]

[ 2016-05-29T23:04:00+08:00 ] 223.81.192.30 /index.php/WeSite/Register/index
INFO: [ app_init ] --START--
INFO: Run Behavior\BuildLiteBehavior [ RunTime:0.000026s ]
INFO: [ app_init ] --END-- [ RunTime:0.000428s ]
INFO: [ app_begin ] --START--
INFO: Run Behavior\ReadHtmlCacheBehavior [ RunTime:0.000514s ]
INFO: [ app_begin ] --END-- [ RunTime:0.000584s ]
NOTIC: [2] session_start(): Cannot send session cookie - headers already sent by (output started at /data/home/qxu2062980122/htdocs/ThinkPHP/Conf/convention.php:1) /data/home/qxu2062980122/htdocs/ThinkPHP/Common/functions.php 第 1263 行.
NOTIC: [2] session_start(): Cannot send session cache limiter - headers already sent (output started at /data/home/qxu2062980122/htdocs/ThinkPHP/Conf/convention.php:1) /data/home/qxu2062980122/htdocs/ThinkPHP/Common/functions.php 第 1263 行.
SQL: SHOW COLUMNS FROM `wx_cur_wechat` [ RunTime:0.0017s ]
SQL: SELECT * FROM `wx_cur_wechat` WHERE ( 1 = 1 ) LIMIT 1   [ RunTime:0.0007s ]
SQL: SHOW COLUMNS FROM `wx_wechat` [ RunTime:0.0011s ]
SQL: SELECT * FROM `wx_wechat` WHERE `token` = 'gh_0cd081a29ac3' LIMIT 1   [ RunTime:0.0011s ]

[ 2016-05-29T23:04:01+08:00 ] 223.81.192.30 /index.php/WeSite/Register/index?t=1464534240&getOpenId=1&code=041w7yE22641t21XNtC22DSAE22w7yEa&state=STATE
INFO: [ app_init ] --START--
INFO: Run Behavior\BuildLiteBehavior [ RunTime:0.000045s ]
INFO: [ app_init ] --END-- [ RunTime:0.000500s ]
INFO: [ app_begin ] --START--
INFO: Run Behavior\ReadHtmlCacheBehavior [ RunTime:0.000507s ]
INFO: [ app_begin ] --END-- [ RunTime:0.000577s ]
NOTIC: [2] session_start(): Cannot send session cookie - headers already sent by (output started at /data/home/qxu2062980122/htdocs/ThinkPHP/Conf/convention.php:1) /data/home/qxu2062980122/htdocs/ThinkPHP/Common/functions.php 第 1263 行.
NOTIC: [2] session_start(): Cannot send session cache limiter - headers already sent (output started at /data/home/qxu2062980122/htdocs/ThinkPHP/Conf/convention.php:1) /data/home/qxu2062980122/htdocs/ThinkPHP/Common/functions.php 第 1263 行.
SQL: SHOW COLUMNS FROM `wx_cur_wechat` [ RunTime:0.0013s ]
SQL: SELECT * FROM `wx_cur_wechat` WHERE ( 1 = 1 ) LIMIT 1   [ RunTime:0.0007s ]
SQL: SHOW COLUMNS FROM `wx_wechat` [ RunTime:0.0011s ]
SQL: SELECT * FROM `wx_wechat` WHERE `token` = 'gh_0cd081a29ac3' LIMIT 1   [ RunTime:0.0008s ]
SQL: SHOW COLUMNS FROM `wx_member` [ RunTime:0.0017s ]
SQL: SELECT * FROM `wx_member` WHERE ( openid = 'o94P_s6-WqLMPyt3d3mD9Acx4F80' ) LIMIT 1   [ RunTime:0.0007s ]
SQL: UPDATE `wx_member` SET `nickname`='小脸一捏咯咯',`headimgurl`='http://wx.qlogo.cn/mmopen/x0UibHiae88wibrUGe40Hayxbxvveq8qWHPIc8XIv1dO4BCVAAgBRDFtAElhibX5v1ayl5FoqXbUDVGoqmibDeibxNTJPa88paXhvI/0' WHERE ( openid = 'o94P_s6-WqLMPyt3d3mD9Acx4F80' ) [ RunTime:0.0009s ]
INFO: [ view_parse ] --START--
INFO: [ template_filter ] --START--
INFO: Run Behavior\ContentReplaceBehavior [ RunTime:0.000160s ]
INFO: [ template_filter ] --END-- [ RunTime:0.000252s ]
INFO: Run Behavior\ParseTemplateBehavior [ RunTime:0.010408s ]
INFO: [ view_parse ] --END-- [ RunTime:0.010487s ]
INFO: [ view_filter ] --START--
INFO: Run Behavior\WriteHtmlCacheBehavior [ RunTime:0.000276s ]
INFO: [ view_filter ] --END-- [ RunTime:0.000324s ]
NOTIC: [2] Cannot modify header information - headers already sent by (output started at /data/home/qxu2062980122/htdocs/ThinkPHP/Conf/convention.php:1) /data/home/qxu2062980122/htdocs/ThinkPHP/Library/Think/View.class.php 第 91 行.
NOTIC: [2] Cannot modify header information - headers already sent by (output started at /data/home/qxu2062980122/htdocs/ThinkPHP/Conf/convention.php:1) /data/home/qxu2062980122/htdocs/ThinkPHP/Library/Think/View.class.php 第 92 行.
NOTIC: [2] Cannot modify header information - headers already sent by (output started at /data/home/qxu2062980122/htdocs/ThinkPHP/Conf/convention.php:1) /data/home/qxu2062980122/htdocs/ThinkPHP/Library/Think/View.class.php 第 93 行.
INFO: [ app_end ] --START--
INFO: Run Behavior\ShowPageTraceBehavior [ RunTime:0.000542s ]
INFO: [ app_end ] --END-- [ RunTime:0.000600s ]

